#-----------------------------------------------------------
# Vivado v2020.2 (64-bit)
# SW Build 3064766 on Wed Nov 18 09:12:45 MST 2020
# IP Build 3064653 on Wed Nov 18 14:17:31 MST 2020
# Start of session at: Wed Oct 15 00:17:07 2025
# Process ID: 38380
# Current directory: D:/Project/Vivado_prj/shake_sha2/ip/managed_ip_project/managed_ip_project.tmp/shake_sha2_ip_v1_0_project
# Command line: vivado.exe -gui_launcher_event rodinguilauncherevent26020 D:\Project\Vivado_prj\shake_sha2\ip\managed_ip_project\managed_ip_project.tmp\shake_sha2_ip_v1_0_project\shake_sha2_ip_v1_0_project.xpr
# Log file: D:/Project/Vivado_prj/shake_sha2/ip/managed_ip_project/managed_ip_project.tmp/shake_sha2_ip_v1_0_project/vivado.log
# Journal file: D:/Project/Vivado_prj/shake_sha2/ip/managed_ip_project/managed_ip_project.tmp/shake_sha2_ip_v1_0_project\vivado.jou
#-----------------------------------------------------------
start_gui
open_project D:/Project/Vivado_prj/shake_sha2/ip/managed_ip_project/managed_ip_project.tmp/shake_sha2_ip_v1_0_project/shake_sha2_ip_v1_0_project.xpr
INFO: [ProjectBase 1-489] The host OS only allows 260 characters in a normal path. The project is stored in a path with more than 80 characters. If you experience issues with IP, Block Designs, or files not being found, please consider moving the project to a location with a shorter path. Alternately consider using the OS subst command to map part of the path to a drive letter.
Current project path is 'D:/Project/Vivado_prj/shake_sha2/ip/managed_ip_project/managed_ip_project.tmp/shake_sha2_ip_v1_0_project'
WARNING: [filemgmt 56-3] Default IP Output Path : Could not find the directory 'D:/Project/Vivado_prj/shake_sha2/ip/managed_ip_project/managed_ip_project.tmp/shake_sha2_ip_v1_0_project/shake_sha2_ip_v1_0_project.gen/sources_1'.
Scanning sources...
Finished scanning sources
INFO: [IP_Flow 19-234] Refreshing IP repositories
INFO: [IP_Flow 19-1700] Loaded user IP repository 'd:/Project/Vivado_prj/shake_sha2/ip/ip_repo/shake_sha2_ip_1.0'.
INFO: [IP_Flow 19-2313] Loaded Vivado IP repository 'D:/Downloads/vivado_2020/Vivado/2020.2/data/ip'.
update_compile_order -fileset sources_1
add_files -norecurse {D:/Project/Vivado_prj/shake_sha2/rtl/shake/keccak_round.v D:/Project/Vivado_prj/shake_sha2/rtl/sha2/sha512.v D:/Project/Vivado_prj/shake_sha2/rtl/sha2/sha256.v D:/Project/Vivado_prj/shake_sha2/rtl/shake/keccak_round_constants_gen.v D:/Project/Vivado_prj/shake_sha2/rtl/sha2/sha2_top.v D:/Project/Vivado_prj/shake_sha2/rtl/shake_sha2_top.v D:/Project/Vivado_prj/shake_sha2/rtl/shake/shake_top.v D:/Project/Vivado_prj/shake_sha2/rtl/shake/keccak_top.v}
update_compile_order -fileset sources_1
launch_runs synth_1 -jobs 32
[Wed Oct 15 00:19:52 2025] Launched synth_1...
Run output will be captured here: D:/Project/Vivado_prj/shake_sha2/ip/managed_ip_project/managed_ip_project.tmp/shake_sha2_ip_v1_0_project/shake_sha2_ip_v1_0_project.runs/synth_1/runme.log
launch_runs impl_1 -jobs 32
[Wed Oct 15 00:21:28 2025] Launched impl_1...
Run output will be captured here: D:/Project/Vivado_prj/shake_sha2/ip/managed_ip_project/managed_ip_project.tmp/shake_sha2_ip_v1_0_project/shake_sha2_ip_v1_0_project.runs/impl_1/runme.log
update_compile_order -fileset sources_1
reset_run synth_1
launch_runs impl_1 -jobs 32
[Wed Oct 15 00:26:00 2025] Launched synth_1...
Run output will be captured here: D:/Project/Vivado_prj/shake_sha2/ip/managed_ip_project/managed_ip_project.tmp/shake_sha2_ip_v1_0_project/shake_sha2_ip_v1_0_project.runs/synth_1/runme.log
[Wed Oct 15 00:26:00 2025] Launched impl_1...
Run output will be captured here: D:/Project/Vivado_prj/shake_sha2/ip/managed_ip_project/managed_ip_project.tmp/shake_sha2_ip_v1_0_project/shake_sha2_ip_v1_0_project.runs/impl_1/runme.log
reset_run synth_1
launch_runs impl_1 -jobs 32
[Wed Oct 15 00:30:38 2025] Launched synth_1...
Run output will be captured here: D:/Project/Vivado_prj/shake_sha2/ip/managed_ip_project/managed_ip_project.tmp/shake_sha2_ip_v1_0_project/shake_sha2_ip_v1_0_project.runs/synth_1/runme.log
[Wed Oct 15 00:30:38 2025] Launched impl_1...
Run output will be captured here: D:/Project/Vivado_prj/shake_sha2/ip/managed_ip_project/managed_ip_project.tmp/shake_sha2_ip_v1_0_project/shake_sha2_ip_v1_0_project.runs/impl_1/runme.log
reset_run synth_1
launch_runs impl_1 -jobs 32
[Wed Oct 15 00:44:08 2025] Launched synth_1...
Run output will be captured here: D:/Project/Vivado_prj/shake_sha2/ip/managed_ip_project/managed_ip_project.tmp/shake_sha2_ip_v1_0_project/shake_sha2_ip_v1_0_project.runs/synth_1/runme.log
[Wed Oct 15 00:44:08 2025] Launched impl_1...
Run output will be captured here: D:/Project/Vivado_prj/shake_sha2/ip/managed_ip_project/managed_ip_project.tmp/shake_sha2_ip_v1_0_project/shake_sha2_ip_v1_0_project.runs/impl_1/runme.log
exit
INFO: [Common 17-206] Exiting Vivado at Wed Oct 15 00:47:28 2025...
