Copyright 1986-2019 Xilinx, Inc. All Rights Reserved.
-----------------------------------------------------------------------------------------------------------------------------------------------------------------------
| Tool Version : Vivado v.2019.2 (win64) Build 2708876 Wed Nov  6 21:40:23 MST 2019
| Date         : Fri Oct 17 10:34:53 2025
| Host         : DESKTOP-HPA0FNB running 64-bit major release  (build 9200)
| Command      : report_methodology -file cpu_wrapper_methodology_drc_routed.rpt -pb cpu_wrapper_methodology_drc_routed.pb -rpx cpu_wrapper_methodology_drc_routed.rpx
| Design       : cpu_wrapper
| Device       : xc7z020clg400-2
| Speed File   : -2
| Design State : Fully Routed
-----------------------------------------------------------------------------------------------------------------------------------------------------------------------

Report Methodology

Table of Contents
-----------------
1. REPORT SUMMARY
2. REPORT DETAILS

1. REPORT SUMMARY
-----------------
            Netlist: netlist
          Floorplan: design_1
      Design limits: <entire design considered>
             Max violations: <unlimited>
             Violations found: 1
+---------+----------+------------------------------+------------+
| Rule    | Severity | Description                  | Violations |
+---------+----------+------------------------------+------------+
| LUTAR-1 | Warning  | LUT drives async reset alert | 1          |
+---------+----------+------------------------------+------------+

2. REPORT DETAILS
-----------------
LUTAR-1#1 Warning
LUT drives async reset alert  
LUT cell cpu_i/sha3_1003_tIP1_0/inst/sha3_1003_tIP1_v1_0_S0_AXI_inst/u_shake_top/keccak_top/reg_data[1599]_i_3, with 2 or more inputs, drives asynchronous preset/clear pin(s) cpu_i/sha3_1003_tIP1_0/inst/sha3_1003_tIP1_v1_0_S0_AXI_inst/u_shake_top/keccak_top/counter_nr_rounds_reg[0]/CLR, cpu_i/sha3_1003_tIP1_0/inst/sha3_1003_tIP1_v1_0_S0_AXI_inst/u_shake_top/keccak_top/counter_nr_rounds_reg[1]/CLR, cpu_i/sha3_1003_tIP1_0/inst/sha3_1003_tIP1_v1_0_S0_AXI_inst/u_shake_top/keccak_top/counter_nr_rounds_reg[2]/CLR, cpu_i/sha3_1003_tIP1_0/inst/sha3_1003_tIP1_v1_0_S0_AXI_inst/u_shake_top/keccak_top/counter_nr_rounds_reg[3]/CLR, cpu_i/sha3_1003_tIP1_0/inst/sha3_1003_tIP1_v1_0_S0_AXI_inst/u_shake_top/keccak_top/counter_nr_rounds_reg[4]/CLR, cpu_i/sha3_1003_tIP1_0/inst/sha3_1003_tIP1_v1_0_S0_AXI_inst/u_shake_top/keccak_top/reg_data_reg[0]/CLR, cpu_i/sha3_1003_tIP1_0/inst/sha3_1003_tIP1_v1_0_S0_AXI_inst/u_shake_top/keccak_top/reg_data_reg[1000]/CLR, cpu_i/sha3_1003_tIP1_0/inst/sha3_1003_tIP1_v1_0_S0_AXI_inst/u_shake_top/keccak_top/reg_data_reg[1001]/CLR, cpu_i/sha3_1003_tIP1_0/inst/sha3_1003_tIP1_v1_0_S0_AXI_inst/u_shake_top/keccak_top/reg_data_reg[1002]/CLR, cpu_i/sha3_1003_tIP1_0/inst/sha3_1003_tIP1_v1_0_S0_AXI_inst/u_shake_top/keccak_top/reg_data_reg[1003]/CLR, cpu_i/sha3_1003_tIP1_0/inst/sha3_1003_tIP1_v1_0_S0_AXI_inst/u_shake_top/keccak_top/reg_data_reg[1004]/CLR, cpu_i/sha3_1003_tIP1_0/inst/sha3_1003_tIP1_v1_0_S0_AXI_inst/u_shake_top/keccak_top/reg_data_reg[1005]/CLR, cpu_i/sha3_1003_tIP1_0/inst/sha3_1003_tIP1_v1_0_S0_AXI_inst/u_shake_top/keccak_top/reg_data_reg[1006]/CLR, cpu_i/sha3_1003_tIP1_0/inst/sha3_1003_tIP1_v1_0_S0_AXI_inst/u_shake_top/keccak_top/reg_data_reg[1007]/CLR, cpu_i/sha3_1003_tIP1_0/inst/sha3_1003_tIP1_v1_0_S0_AXI_inst/u_shake_top/keccak_top/reg_data_reg[1008]/CLR (the first 15 of 1606 listed). The LUT may glitch and trigger an unexpected reset, even if it is a properly timed path.
Related violations: <none>


