Copyright 1986-2019 Xilinx, Inc. All Rights Reserved.
----------------------------------------------------------------------------------------
| Tool Version : Vivado v.2019.2 (win64) Build 2708876 Wed Nov  6 21:40:23 MST 2019
| Date         : Fri Oct 17 10:33:42 2025
| Host         : DESKTOP-HPA0FNB running 64-bit major release  (build 9200)
| Command      : report_control_sets -verbose -file cpu_wrapper_control_sets_placed.rpt
| Design       : cpu_wrapper
| Device       : xc7z020
----------------------------------------------------------------------------------------

Control Set Information

Table of Contents
-----------------
1. Summary
2. Histogram
3. Flip-Flop Distribution
4. Detailed Control Set Information

1. Summary
----------

+----------------------------------------------------------+-------+
|                          Status                          | Count |
+----------------------------------------------------------+-------+
| Total control sets                                       |    57 |
|    Minimum number of control sets                        |    57 |
|    Addition due to synthesis replication                 |     0 |
|    Addition due to physical synthesis replication        |     0 |
| Unused register locations in slices containing registers |    88 |
+----------------------------------------------------------+-------+
* Control sets can be merged at opt_design using control_set_merge or merge_equivalent_drivers
** Run report_qor_suggestions for automated merging and remapping suggestions


2. Histogram
------------

+--------------------+-------+
|       Fanout       | Count |
+--------------------+-------+
| Total control sets |    57 |
| >= 0 to < 4        |     1 |
| >= 4 to < 6        |     9 |
| >= 6 to < 8        |     2 |
| >= 8 to < 10       |    23 |
| >= 10 to < 12      |     1 |
| >= 12 to < 14      |     1 |
| >= 14 to < 16      |     2 |
| >= 16              |    18 |
+--------------------+-------+
* Control sets can be remapped at either synth_design or opt_design


3. Flip-Flop Distribution
-------------------------

+--------------+-----------------------+------------------------+-----------------+--------------+
| Clock Enable | Synchronous Set/Reset | Asynchronous Set/Reset | Total Registers | Total Slices |
+--------------+-----------------------+------------------------+-----------------+--------------+
| No           | No                    | No                     |             111 |           39 |
| No           | No                    | Yes                    |               1 |            1 |
| No           | Yes                   | No                     |             206 |           67 |
| Yes          | No                    | No                     |             296 |           96 |
| Yes          | No                    | Yes                    |            1605 |          887 |
| Yes          | Yes                   | No                     |            2965 |          914 |
+--------------+-----------------------+------------------------+-----------------+--------------+


4. Detailed Control Set Information
-----------------------------------

+--------------------------------------------+-----------------------------------------------------------------------------------------------------------------------------------------------------------+--------------------------------------------------------------------------------------------------------------------------------------------------+------------------+----------------+
|                Clock Signal                |                                                                       Enable Signal                                                                       |                                                                 Set/Reset Signal                                                                 | Slice Load Count | Bel Load Count |
+--------------------------------------------+-----------------------------------------------------------------------------------------------------------------------------------------------------------+--------------------------------------------------------------------------------------------------------------------------------------------------+------------------+----------------+
|  cpu_i/processing_system7_0/inst/FCLK_CLK0 | cpu_i/ps7_0_axi_periph/s00_couplers/auto_pc/inst/gen_axilite.gen_b2s_conv.axilite_b2s/WR.b_channel_0/bid_fifo_0/bresp_push                                |                                                                                                                                                  |                1 |              2 |
|  cpu_i/processing_system7_0/inst/FCLK_CLK0 |                                                                                                                                                           | cpu_i/rst_ps7_0_50M/U0/EXT_LPF/lpf_int                                                                                                           |                3 |              4 |
|  cpu_i/processing_system7_0/inst/FCLK_CLK0 |                                                                                                                                                           | cpu_i/ps7_0_axi_periph/s00_couplers/auto_pc/inst/gen_axilite.gen_b2s_conv.axilite_b2s/SI_REG/ar.ar_pipe/aresetn_d_reg[1]_inv_0                   |                4 |              4 |
|  cpu_i/processing_system7_0/inst/FCLK_CLK0 |                                                                                                                                                           | cpu_i/ps7_0_axi_periph/s00_couplers/auto_pc/inst/gen_axilite.gen_b2s_conv.axilite_b2s/SI_REG/aw.aw_pipe/aresetn_d_reg[0]_0                       |                4 |              4 |
|  cpu_i/processing_system7_0/inst/FCLK_CLK0 | cpu_i/ps7_0_axi_periph/s00_couplers/auto_pc/inst/gen_axilite.gen_b2s_conv.axilite_b2s/WR.aw_channel_0/aw_cmd_fsm_0/state_reg[0]_1                         | cpu_i/ps7_0_axi_periph/s00_couplers/auto_pc/inst/gen_axilite.gen_b2s_conv.axilite_b2s/WR.aw_channel_0/aw_cmd_fsm_0/state_reg[0]_0                |                3 |              5 |
|  cpu_i/processing_system7_0/inst/FCLK_CLK0 | cpu_i/ps7_0_axi_periph/s00_couplers/auto_pc/inst/gen_axilite.gen_b2s_conv.axilite_b2s/RD.ar_channel_0/ar_cmd_fsm_0/axi_arready_reg_1                      | cpu_i/ps7_0_axi_periph/s00_couplers/auto_pc/inst/gen_axilite.gen_b2s_conv.axilite_b2s/RD.ar_channel_0/ar_cmd_fsm_0/FSM_sequential_state_reg[1]_0 |                2 |              5 |
|  cpu_i/processing_system7_0/inst/FCLK_CLK0 | cpu_i/ps7_0_axi_periph/s00_couplers/auto_pc/inst/gen_axilite.gen_b2s_conv.axilite_b2s/RD.r_channel_0/transaction_fifo_0/E[0]                              | cpu_i/ps7_0_axi_periph/s00_couplers/auto_pc/inst/gen_axilite.gen_b2s_conv.axilite_b2s/areset_d1                                                  |                2 |              5 |
|  cpu_i/processing_system7_0/inst/FCLK_CLK0 | cpu_i/sha3_1003_tIP1_0/inst/sha3_1003_tIP1_v1_0_S0_AXI_inst/u_shake_top/keccak_top/E[0]                                                                   | cpu_i/sha3_1003_tIP1_0/inst/sha3_1003_tIP1_v1_0_S0_AXI_inst/u_shake_top/keccak_top/SR[0]                                                         |                3 |              5 |
|  cpu_i/processing_system7_0/inst/FCLK_CLK0 | cpu_i/sha3_1003_tIP1_0/inst/sha3_1003_tIP1_v1_0_S0_AXI_inst/u_shake_top/keccak_top/counter_nr_rounds[4]_i_1_n_0                                           | cpu_i/sha3_1003_tIP1_0/inst/sha3_1003_tIP1_v1_0_S0_AXI_inst/u_shake_top/keccak_top/slv_reg0_reg[3]                                               |                2 |              5 |
|  cpu_i/processing_system7_0/inst/FCLK_CLK0 | cpu_i/ps7_0_axi_periph/s00_couplers/auto_pc/inst/gen_axilite.gen_b2s_conv.axilite_b2s/RD.r_channel_0/transaction_fifo_0/cnt_read[4]_i_1_n_0               | cpu_i/ps7_0_axi_periph/s00_couplers/auto_pc/inst/gen_axilite.gen_b2s_conv.axilite_b2s/areset_d1                                                  |                1 |              5 |
|  cpu_i/processing_system7_0/inst/FCLK_CLK0 | cpu_i/rst_ps7_0_50M/U0/SEQ/seq_cnt_en                                                                                                                     | cpu_i/rst_ps7_0_50M/U0/SEQ/SEQ_COUNTER/clear                                                                                                     |                1 |              6 |
|  cpu_i/processing_system7_0/inst/FCLK_CLK0 | cpu_i/sha3_1003_tIP1_0/inst/sha3_1003_tIP1_v1_0_S0_AXI_inst/axi_awready0                                                                                  | cpu_i/sha3_1003_tIP1_0/inst/sha3_1003_tIP1_v1_0_S0_AXI_inst/u_shake_top/Reset1                                                                   |                2 |              6 |
|  cpu_i/processing_system7_0/inst/FCLK_CLK0 | cpu_i/sha3_1003_tIP1_0/inst/sha3_1003_tIP1_v1_0_S0_AXI_inst/slv_reg2[31]_i_1_n_0                                                                          | cpu_i/sha3_1003_tIP1_0/inst/sha3_1003_tIP1_v1_0_S0_AXI_inst/u_shake_top/Reset1                                                                   |                4 |              8 |
|  cpu_i/processing_system7_0/inst/FCLK_CLK0 | cpu_i/sha3_1003_tIP1_0/inst/sha3_1003_tIP1_v1_0_S0_AXI_inst/slv_reg0[23]_i_1_n_0                                                                          | cpu_i/sha3_1003_tIP1_0/inst/sha3_1003_tIP1_v1_0_S0_AXI_inst/u_shake_top/Reset1                                                                   |                3 |              8 |
|  cpu_i/processing_system7_0/inst/FCLK_CLK0 | cpu_i/sha3_1003_tIP1_0/inst/sha3_1003_tIP1_v1_0_S0_AXI_inst/slv_reg3[7]_i_1_n_0                                                                           | cpu_i/sha3_1003_tIP1_0/inst/sha3_1003_tIP1_v1_0_S0_AXI_inst/u_shake_top/Reset1                                                                   |                1 |              8 |
|  cpu_i/processing_system7_0/inst/FCLK_CLK0 | cpu_i/sha3_1003_tIP1_0/inst/sha3_1003_tIP1_v1_0_S0_AXI_inst/axi_arready0                                                                                  | cpu_i/sha3_1003_tIP1_0/inst/sha3_1003_tIP1_v1_0_S0_AXI_inst/u_shake_top/Reset1                                                                   |                3 |              8 |
|  cpu_i/processing_system7_0/inst/FCLK_CLK0 | cpu_i/ps7_0_axi_periph/s00_couplers/auto_pc/inst/gen_axilite.gen_b2s_conv.axilite_b2s/RD.ar_channel_0/ar_cmd_fsm_0/FSM_sequential_state_reg[1]_1[0]       |                                                                                                                                                  |                3 |              8 |
|  cpu_i/processing_system7_0/inst/FCLK_CLK0 | cpu_i/ps7_0_axi_periph/s00_couplers/auto_pc/inst/gen_axilite.gen_b2s_conv.axilite_b2s/RD.ar_channel_0/ar_cmd_fsm_0/E[0]                                   |                                                                                                                                                  |                3 |              8 |
|  cpu_i/processing_system7_0/inst/FCLK_CLK0 | cpu_i/ps7_0_axi_periph/s00_couplers/auto_pc/inst/gen_axilite.gen_b2s_conv.axilite_b2s/WR.aw_channel_0/cmd_translator_0/incr_cmd_0/axaddr_incr[11]_i_1_n_0 |                                                                                                                                                  |                2 |              8 |
|  cpu_i/processing_system7_0/inst/FCLK_CLK0 | cpu_i/ps7_0_axi_periph/s00_couplers/auto_pc/inst/gen_axilite.gen_b2s_conv.axilite_b2s/WR.aw_channel_0/aw_cmd_fsm_0/E[0]                                   |                                                                                                                                                  |                5 |              8 |
|  cpu_i/processing_system7_0/inst/FCLK_CLK0 | cpu_i/sha3_1003_tIP1_0/inst/sha3_1003_tIP1_v1_0_S0_AXI_inst/slv_reg0[7]_i_1_n_0                                                                           | cpu_i/sha3_1003_tIP1_0/inst/sha3_1003_tIP1_v1_0_S0_AXI_inst/u_shake_top/Reset1                                                                   |                3 |              8 |
|  cpu_i/processing_system7_0/inst/FCLK_CLK0 | cpu_i/ps7_0_axi_periph/s00_couplers/auto_pc/inst/gen_axilite.gen_b2s_conv.axilite_b2s/WR.b_channel_0/mhandshake_r                                         | cpu_i/ps7_0_axi_periph/s00_couplers/auto_pc/inst/gen_axilite.gen_b2s_conv.axilite_b2s/WR.b_channel_0/bid_fifo_0/SR[0]                            |                3 |              8 |
|  cpu_i/processing_system7_0/inst/FCLK_CLK0 | cpu_i/sha3_1003_tIP1_0/inst/sha3_1003_tIP1_v1_0_S0_AXI_inst/slv_reg0[31]_i_1_n_0                                                                          | cpu_i/sha3_1003_tIP1_0/inst/sha3_1003_tIP1_v1_0_S0_AXI_inst/u_shake_top/Reset1                                                                   |                3 |              8 |
|  cpu_i/processing_system7_0/inst/FCLK_CLK0 | cpu_i/sha3_1003_tIP1_0/inst/sha3_1003_tIP1_v1_0_S0_AXI_inst/slv_reg0[15]_i_1_n_0                                                                          | cpu_i/sha3_1003_tIP1_0/inst/sha3_1003_tIP1_v1_0_S0_AXI_inst/u_shake_top/Reset1                                                                   |                3 |              8 |
|  cpu_i/processing_system7_0/inst/FCLK_CLK0 | cpu_i/sha3_1003_tIP1_0/inst/sha3_1003_tIP1_v1_0_S0_AXI_inst/slv_reg1[23]_i_1_n_0                                                                          | cpu_i/sha3_1003_tIP1_0/inst/sha3_1003_tIP1_v1_0_S0_AXI_inst/u_shake_top/Reset1                                                                   |                2 |              8 |
|  cpu_i/processing_system7_0/inst/FCLK_CLK0 | cpu_i/sha3_1003_tIP1_0/inst/sha3_1003_tIP1_v1_0_S0_AXI_inst/slv_reg2[23]_i_1_n_0                                                                          | cpu_i/sha3_1003_tIP1_0/inst/sha3_1003_tIP1_v1_0_S0_AXI_inst/u_shake_top/Reset1                                                                   |                3 |              8 |
|  cpu_i/processing_system7_0/inst/FCLK_CLK0 | cpu_i/sha3_1003_tIP1_0/inst/sha3_1003_tIP1_v1_0_S0_AXI_inst/slv_reg3[15]_i_1_n_0                                                                          | cpu_i/sha3_1003_tIP1_0/inst/sha3_1003_tIP1_v1_0_S0_AXI_inst/u_shake_top/Reset1                                                                   |                4 |              8 |
|  cpu_i/processing_system7_0/inst/FCLK_CLK0 | cpu_i/sha3_1003_tIP1_0/inst/sha3_1003_tIP1_v1_0_S0_AXI_inst/slv_reg3[23]_i_1_n_0                                                                          | cpu_i/sha3_1003_tIP1_0/inst/sha3_1003_tIP1_v1_0_S0_AXI_inst/u_shake_top/Reset1                                                                   |                4 |              8 |
|  cpu_i/processing_system7_0/inst/FCLK_CLK0 | cpu_i/sha3_1003_tIP1_0/inst/sha3_1003_tIP1_v1_0_S0_AXI_inst/slv_reg2[7]_i_1_n_0                                                                           | cpu_i/sha3_1003_tIP1_0/inst/sha3_1003_tIP1_v1_0_S0_AXI_inst/u_shake_top/Reset1                                                                   |                2 |              8 |
|  cpu_i/processing_system7_0/inst/FCLK_CLK0 | cpu_i/sha3_1003_tIP1_0/inst/sha3_1003_tIP1_v1_0_S0_AXI_inst/slv_reg1[7]_i_1_n_0                                                                           | cpu_i/sha3_1003_tIP1_0/inst/sha3_1003_tIP1_v1_0_S0_AXI_inst/u_shake_top/Reset1                                                                   |                3 |              8 |
|  cpu_i/processing_system7_0/inst/FCLK_CLK0 | cpu_i/sha3_1003_tIP1_0/inst/sha3_1003_tIP1_v1_0_S0_AXI_inst/slv_reg1[31]_i_1_n_0                                                                          | cpu_i/sha3_1003_tIP1_0/inst/sha3_1003_tIP1_v1_0_S0_AXI_inst/u_shake_top/Reset1                                                                   |                3 |              8 |
|  cpu_i/processing_system7_0/inst/FCLK_CLK0 | cpu_i/sha3_1003_tIP1_0/inst/sha3_1003_tIP1_v1_0_S0_AXI_inst/slv_reg3[31]_i_1_n_0                                                                          | cpu_i/sha3_1003_tIP1_0/inst/sha3_1003_tIP1_v1_0_S0_AXI_inst/u_shake_top/Reset1                                                                   |                3 |              8 |
|  cpu_i/processing_system7_0/inst/FCLK_CLK0 | cpu_i/sha3_1003_tIP1_0/inst/sha3_1003_tIP1_v1_0_S0_AXI_inst/slv_reg2[15]_i_1_n_0                                                                          | cpu_i/sha3_1003_tIP1_0/inst/sha3_1003_tIP1_v1_0_S0_AXI_inst/u_shake_top/Reset1                                                                   |                4 |              8 |
|  cpu_i/processing_system7_0/inst/FCLK_CLK0 | cpu_i/sha3_1003_tIP1_0/inst/sha3_1003_tIP1_v1_0_S0_AXI_inst/slv_reg1[15]_i_1_n_0                                                                          | cpu_i/sha3_1003_tIP1_0/inst/sha3_1003_tIP1_v1_0_S0_AXI_inst/u_shake_top/Reset1                                                                   |                3 |              8 |
|  cpu_i/processing_system7_0/inst/FCLK_CLK0 |                                                                                                                                                           | cpu_i/sha3_1003_tIP1_0/inst/sha3_1003_tIP1_v1_0_S0_AXI_inst/u_shake_top/keccak_top/slv_reg0_reg[3]                                               |                7 |              9 |
|  cpu_i/processing_system7_0/inst/FCLK_CLK0 |                                                                                                                                                           | cpu_i/ps7_0_axi_periph/s00_couplers/auto_pc/inst/gen_axilite.gen_b2s_conv.axilite_b2s/areset_d1                                                  |                3 |             10 |
|  cpu_i/processing_system7_0/inst/FCLK_CLK0 | cpu_i/ps7_0_axi_periph/s00_couplers/auto_pc/inst/gen_axilite.gen_b2s_conv.axilite_b2s/RD.r_channel_0/r_push_r                                             |                                                                                                                                                  |                4 |             13 |
|  cpu_i/processing_system7_0/inst/FCLK_CLK0 | cpu_i/ps7_0_axi_periph/s00_couplers/auto_pc/inst/gen_axilite.gen_b2s_conv.axilite_b2s/SI_REG/b.b_pipe/p_1_in                                              |                                                                                                                                                  |                3 |             14 |
|  cpu_i/processing_system7_0/inst/FCLK_CLK0 | cpu_i/ps7_0_axi_periph/s00_couplers/auto_pc/inst/gen_axilite.gen_b2s_conv.axilite_b2s/SI_REG/b.b_pipe/s_ready_i_reg_0                                     |                                                                                                                                                  |                3 |             14 |
|  cpu_i/processing_system7_0/inst/FCLK_CLK0 | cpu_i/ps7_0_axi_periph/s00_couplers/auto_pc/inst/gen_axilite.gen_b2s_conv.axilite_b2s/WR.aw_channel_0/aw_cmd_fsm_0/b_push                                 |                                                                                                                                                  |                3 |             16 |
|  cpu_i/processing_system7_0/inst/FCLK_CLK0 | cpu_i/ps7_0_axi_periph/s00_couplers/auto_pc/inst/gen_axilite.gen_b2s_conv.axilite_b2s/RD.ar_channel_0/ar_cmd_fsm_0/axi_arready_reg_1                      |                                                                                                                                                  |                9 |             17 |
|  cpu_i/processing_system7_0/inst/FCLK_CLK0 | cpu_i/ps7_0_axi_periph/s00_couplers/auto_pc/inst/gen_axilite.gen_b2s_conv.axilite_b2s/WR.aw_channel_0/aw_cmd_fsm_0/state_reg[0]_1                         |                                                                                                                                                  |                7 |             17 |
|  cpu_i/processing_system7_0/inst/FCLK_CLK0 | cpu_i/ps7_0_axi_periph/s00_couplers/auto_pc/inst/gen_axilite.gen_b2s_conv.axilite_b2s/RD.ar_channel_0/ar_cmd_fsm_0/FSM_sequential_state_reg[1]_2[0]       |                                                                                                                                                  |               10 |             28 |
|  cpu_i/processing_system7_0/inst/FCLK_CLK0 | cpu_i/ps7_0_axi_periph/s00_couplers/auto_pc/inst/gen_axilite.gen_b2s_conv.axilite_b2s/WR.aw_channel_0/aw_cmd_fsm_0/m_valid_i_reg[0]                       |                                                                                                                                                  |               10 |             28 |
|  cpu_i/processing_system7_0/inst/FCLK_CLK0 | cpu_i/ps7_0_axi_periph/s00_couplers/auto_pc/inst/gen_axilite.gen_b2s_conv.axilite_b2s/SI_REG/aw.aw_pipe/s_ready_i_reg_0                                   |                                                                                                                                                  |               11 |             28 |
|  cpu_i/processing_system7_0/inst/FCLK_CLK0 | cpu_i/ps7_0_axi_periph/s00_couplers/auto_pc/inst/gen_axilite.gen_b2s_conv.axilite_b2s/SI_REG/ar.ar_pipe/s_ready_i_reg_0                                   |                                                                                                                                                  |                9 |             28 |
|  cpu_i/processing_system7_0/inst/FCLK_CLK0 | cpu_i/ps7_0_axi_periph/s00_couplers/auto_pc/inst/gen_axilite.gen_b2s_conv.axilite_b2s/RD.r_channel_0/rd_data_fifo_0/wr_en0                                |                                                                                                                                                  |                9 |             32 |
|  cpu_i/processing_system7_0/inst/FCLK_CLK0 | cpu_i/sha3_1003_tIP1_0/inst/sha3_1003_tIP1_v1_0_S0_AXI_inst/slv_reg_rden__0                                                                               | cpu_i/sha3_1003_tIP1_0/inst/sha3_1003_tIP1_v1_0_S0_AXI_inst/u_shake_top/Reset1                                                                   |               19 |             32 |
|  cpu_i/processing_system7_0/inst/FCLK_CLK0 | cpu_i/ps7_0_axi_periph/s00_couplers/auto_pc/inst/gen_axilite.gen_b2s_conv.axilite_b2s/SI_REG/r.r_pipe/p_1_in                                              |                                                                                                                                                  |               10 |             45 |
|  cpu_i/processing_system7_0/inst/FCLK_CLK0 | cpu_i/ps7_0_axi_periph/s00_couplers/auto_pc/inst/gen_axilite.gen_b2s_conv.axilite_b2s/SI_REG/r.r_pipe/s_ready_i_reg_0                                     |                                                                                                                                                  |               11 |             45 |
|  cpu_i/processing_system7_0/inst/FCLK_CLK0 |                                                                                                                                                           | cpu_i/sha3_1003_tIP1_0/inst/sha3_1003_tIP1_v1_0_S0_AXI_inst/u_shake_top/cycle_counter[0]_i_1_n_0                                                 |               16 |             64 |
|  cpu_i/processing_system7_0/inst/FCLK_CLK0 | cpu_i/sha3_1003_tIP1_0/inst/sha3_1003_tIP1_v1_0_S0_AXI_inst/u_shake_top/D[1]                                                                              | cpu_i/sha3_1003_tIP1_0/inst/sha3_1003_tIP1_v1_0_S0_AXI_inst/u_shake_top/Reset1                                                                   |               14 |             64 |
|  cpu_i/processing_system7_0/inst/FCLK_CLK0 |                                                                                                                                                           |                                                                                                                                                  |               40 |            112 |
|  cpu_i/processing_system7_0/inst/FCLK_CLK0 |                                                                                                                                                           | cpu_i/sha3_1003_tIP1_0/inst/sha3_1003_tIP1_v1_0_S0_AXI_inst/u_shake_top/Reset1                                                                   |               31 |            112 |
|  cpu_i/processing_system7_0/inst/FCLK_CLK0 | cpu_i/sha3_1003_tIP1_0/inst/sha3_1003_tIP1_v1_0_S0_AXI_inst/u_shake_top/keccak_top/mode_reg_reg[2]                                                        | cpu_i/sha3_1003_tIP1_0/inst/sha3_1003_tIP1_v1_0_S0_AXI_inst/u_shake_top/Reset1                                                                   |              462 |           1344 |
|  cpu_i/processing_system7_0/inst/FCLK_CLK0 | cpu_i/sha3_1003_tIP1_0/inst/sha3_1003_tIP1_v1_0_S0_AXI_inst/u_shake_top/E[0]                                                                              | cpu_i/sha3_1003_tIP1_0/inst/sha3_1003_tIP1_v1_0_S0_AXI_inst/u_shake_top/Reset1                                                                   |              351 |           1344 |
|  cpu_i/processing_system7_0/inst/FCLK_CLK0 | cpu_i/sha3_1003_tIP1_0/inst/sha3_1003_tIP1_v1_0_S0_AXI_inst/u_shake_top/keccak_top/reg_data[1599]_i_1_n_0                                                 | cpu_i/sha3_1003_tIP1_0/inst/sha3_1003_tIP1_v1_0_S0_AXI_inst/u_shake_top/keccak_top/slv_reg0_reg[3]                                               |              885 |           1600 |
+--------------------------------------------+-----------------------------------------------------------------------------------------------------------------------------------------------------------+--------------------------------------------------------------------------------------------------------------------------------------------------+------------------+----------------+


