22:20:24 INFO  : Launching XSCT server: xsct.bat -n  -interactive D:\Project\Vivado_prj\shake_sha2\vitis1\temp_xsdb_launch_script.tcl
22:20:24 INFO  : Registering command handlers for Vitis TCF services
22:20:25 INFO  : Platform repository initialization has completed.
22:20:27 INFO  : XSCT server has started successfully.
22:20:29 INFO  : Successfully done setting XSCT server connection channel  
22:20:29 INFO  : plnx-install-location is set to ''
22:20:29 INFO  : Successfully done query RDI_DATADIR 
22:20:29 INFO  : Successfully done setting workspace for the tool. 
22:21:32 INFO  : Result from executing command 'getProjects': system
22:21:32 INFO  : Result from executing command 'getPlatforms': 
22:26:21 INFO  : Result from executing command 'getProjects': system
22:26:21 INFO  : Result from executing command 'getPlatforms': system|D:/Project/Vivado_prj/shake_sha2/vitis1/system/export/system/system.xpfm
22:26:21 INFO  : Checking for BSP changes to sync application flags for project 'shake_sha3'...
23:02:24 INFO  : Launching XSCT server: xsct.bat -n  -interactive D:\Project\Vivado_prj\shake_sha2\vitis1\temp_xsdb_launch_script.tcl
23:02:26 INFO  : XSCT server has started successfully.
23:02:26 INFO  : plnx-install-location is set to ''
23:02:26 INFO  : Successfully done setting XSCT server connection channel  
23:02:26 INFO  : Successfully done setting workspace for the tool. 
23:02:28 INFO  : Platform repository initialization has completed.
23:02:28 INFO  : Successfully done query RDI_DATADIR 
23:02:28 INFO  : Registering command handlers for Vitis TCF services
23:13:18 INFO  : Launching XSCT server: xsct.bat -n  -interactive D:\Project\Vivado_prj\shake_sha2\vitis1\temp_xsdb_launch_script.tcl
23:13:20 INFO  : XSCT server has started successfully.
23:13:20 INFO  : Successfully done setting XSCT server connection channel  
23:13:20 INFO  : plnx-install-location is set to ''
23:13:20 INFO  : Successfully done setting workspace for the tool. 
23:13:22 INFO  : Platform repository initialization has completed.
23:13:23 INFO  : Registering command handlers for Vitis TCF services
23:13:23 INFO  : Successfully done query RDI_DATADIR 
23:13:54 INFO  : Connected to target on host '127.0.0.1' and port '3121'.
23:13:54 INFO  : Jtag cable 'Digilent JTAG-HS1 210512180081' is selected.
23:13:54 INFO  : 'jtag frequency' command is executed.
23:13:54 INFO  : Context for 'APU' is selected.
23:13:54 INFO  : System reset is completed.
23:13:57 INFO  : 'after 3000' command is executed.
23:13:57 INFO  : 'targets -set -filter {jtag_cable_name =~ "Digilent JTAG-HS1 210512180081" && level==0 && jtag_device_ctx=="jsn-JTAG-HS1-210512180081-23727093-0"}' command is executed.
23:14:01 INFO  : Device configured successfully with "D:/Project/Vivado_prj/shake_sha2/vitis1/shake_sha3/_ide/bitstream/system_wrapper.bit"
23:14:01 INFO  : Context for 'APU' is selected.
23:14:01 INFO  : Hardware design and registers information is loaded from 'D:/Project/Vivado_prj/shake_sha2/vitis1/system/export/system/hw/system_wrapper.xsa'.
23:14:01 INFO  : 'configparams force-mem-access 1' command is executed.
23:14:01 INFO  : Context for 'APU' is selected.
23:14:01 INFO  : Sourcing of 'D:/Project/Vivado_prj/shake_sha2/vitis1/shake_sha3/_ide/psinit/ps7_init.tcl' is done.
23:14:01 INFO  : 'ps7_init' command is executed.
23:14:01 INFO  : 'ps7_post_config' command is executed.
23:14:01 INFO  : Context for processor 'ps7_cortexa9_0' is selected.
23:14:01 INFO  : The application 'D:/Project/Vivado_prj/shake_sha2/vitis1/shake_sha3/Debug/shake_sha3.elf' is downloaded to processor 'ps7_cortexa9_0'.
23:14:01 INFO  : 'configparams force-mem-access 0' command is executed.
23:14:01 INFO  : ----------------XSDB Script----------------
connect -url tcp:127.0.0.1:3121
targets -set -nocase -filter {name =~"APU*"}
rst -system
after 3000
targets -set -filter {jtag_cable_name =~ "Digilent JTAG-HS1 210512180081" && level==0 && jtag_device_ctx=="jsn-JTAG-HS1-210512180081-23727093-0"}
fpga -file D:/Project/Vivado_prj/shake_sha2/vitis1/shake_sha3/_ide/bitstream/system_wrapper.bit
targets -set -nocase -filter {name =~"APU*"}
loadhw -hw D:/Project/Vivado_prj/shake_sha2/vitis1/system/export/system/hw/system_wrapper.xsa -mem-ranges [list {0x40000000 0xbfffffff}] -regs
configparams force-mem-access 1
targets -set -nocase -filter {name =~"APU*"}
source D:/Project/Vivado_prj/shake_sha2/vitis1/shake_sha3/_ide/psinit/ps7_init.tcl
ps7_init
ps7_post_config
targets -set -nocase -filter {name =~ "*A9*#0"}
dow D:/Project/Vivado_prj/shake_sha2/vitis1/shake_sha3/Debug/shake_sha3.elf
configparams force-mem-access 0
----------------End of Script----------------

23:14:01 INFO  : Context for processor 'ps7_cortexa9_0' is selected.
23:14:01 INFO  : 'con' command is executed.
23:14:01 INFO  : ----------------XSDB Script (After Launch)----------------
targets -set -nocase -filter {name =~ "*A9*#0"}
con
----------------End of Script----------------

23:14:01 INFO  : Launch script is exported to file 'D:\Project\Vivado_prj\shake_sha2\vitis1\shake_sha3_system\_ide\scripts\debugger_shake_sha3-default.tcl'
23:14:24 INFO  : Disconnected from the channel tcfchan#1.
23:14:25 INFO  : Connected to target on host '127.0.0.1' and port '3121'.
23:14:25 INFO  : Jtag cable 'Digilent JTAG-HS1 210512180081' is selected.
23:14:25 INFO  : 'jtag frequency' command is executed.
23:14:25 INFO  : Context for 'APU' is selected.
23:14:25 INFO  : System reset is completed.
23:14:28 INFO  : 'after 3000' command is executed.
23:14:28 INFO  : 'targets -set -filter {jtag_cable_name =~ "Digilent JTAG-HS1 210512180081" && level==0 && jtag_device_ctx=="jsn-JTAG-HS1-210512180081-23727093-0"}' command is executed.
23:14:31 INFO  : Device configured successfully with "D:/Project/Vivado_prj/shake_sha2/vitis1/shake_sha3/_ide/bitstream/system_wrapper.bit"
23:14:31 INFO  : Context for 'APU' is selected.
23:14:32 INFO  : Hardware design and registers information is loaded from 'D:/Project/Vivado_prj/shake_sha2/vitis1/system/export/system/hw/system_wrapper.xsa'.
23:14:32 INFO  : 'configparams force-mem-access 1' command is executed.
23:14:32 INFO  : Context for 'APU' is selected.
23:14:32 INFO  : Sourcing of 'D:/Project/Vivado_prj/shake_sha2/vitis1/shake_sha3/_ide/psinit/ps7_init.tcl' is done.
23:14:32 INFO  : 'ps7_init' command is executed.
23:14:32 INFO  : 'ps7_post_config' command is executed.
23:14:32 INFO  : Context for processor 'ps7_cortexa9_0' is selected.
23:14:33 INFO  : The application 'D:/Project/Vivado_prj/shake_sha2/vitis1/shake_sha3/Debug/shake_sha3.elf' is downloaded to processor 'ps7_cortexa9_0'.
23:14:33 INFO  : 'configparams force-mem-access 0' command is executed.
23:14:33 INFO  : ----------------XSDB Script----------------
connect -url tcp:127.0.0.1:3121
targets -set -nocase -filter {name =~"APU*"}
rst -system
after 3000
targets -set -filter {jtag_cable_name =~ "Digilent JTAG-HS1 210512180081" && level==0 && jtag_device_ctx=="jsn-JTAG-HS1-210512180081-23727093-0"}
fpga -file D:/Project/Vivado_prj/shake_sha2/vitis1/shake_sha3/_ide/bitstream/system_wrapper.bit
targets -set -nocase -filter {name =~"APU*"}
loadhw -hw D:/Project/Vivado_prj/shake_sha2/vitis1/system/export/system/hw/system_wrapper.xsa -mem-ranges [list {0x40000000 0xbfffffff}] -regs
configparams force-mem-access 1
targets -set -nocase -filter {name =~"APU*"}
source D:/Project/Vivado_prj/shake_sha2/vitis1/shake_sha3/_ide/psinit/ps7_init.tcl
ps7_init
ps7_post_config
targets -set -nocase -filter {name =~ "*A9*#0"}
dow D:/Project/Vivado_prj/shake_sha2/vitis1/shake_sha3/Debug/shake_sha3.elf
configparams force-mem-access 0
----------------End of Script----------------

23:14:33 INFO  : Context for processor 'ps7_cortexa9_0' is selected.
23:14:33 INFO  : 'con' command is executed.
23:14:33 INFO  : ----------------XSDB Script (After Launch)----------------
targets -set -nocase -filter {name =~ "*A9*#0"}
con
----------------End of Script----------------

23:14:33 INFO  : Launch script is exported to file 'D:\Project\Vivado_prj\shake_sha2\vitis1\shake_sha3_system\_ide\scripts\debugger_shake_sha3-default.tcl'
23:14:45 INFO  : Disconnected from the channel tcfchan#2.
23:14:46 INFO  : Connected to target on host '127.0.0.1' and port '3121'.
23:14:46 INFO  : Jtag cable 'Digilent JTAG-HS1 210512180081' is selected.
23:14:46 INFO  : 'jtag frequency' command is executed.
23:14:46 INFO  : Context for 'APU' is selected.
23:14:47 INFO  : System reset is completed.
23:14:50 INFO  : 'after 3000' command is executed.
23:14:50 INFO  : 'targets -set -filter {jtag_cable_name =~ "Digilent JTAG-HS1 210512180081" && level==0 && jtag_device_ctx=="jsn-JTAG-HS1-210512180081-23727093-0"}' command is executed.
23:14:53 INFO  : Device configured successfully with "D:/Project/Vivado_prj/shake_sha2/vitis1/shake_sha3/_ide/bitstream/system_wrapper.bit"
23:14:53 INFO  : Context for 'APU' is selected.
23:14:54 INFO  : Hardware design and registers information is loaded from 'D:/Project/Vivado_prj/shake_sha2/vitis1/system/export/system/hw/system_wrapper.xsa'.
23:14:54 INFO  : 'configparams force-mem-access 1' command is executed.
23:14:54 INFO  : Context for 'APU' is selected.
23:14:54 INFO  : Sourcing of 'D:/Project/Vivado_prj/shake_sha2/vitis1/shake_sha3/_ide/psinit/ps7_init.tcl' is done.
23:14:54 INFO  : 'ps7_init' command is executed.
23:14:54 INFO  : 'ps7_post_config' command is executed.
23:14:54 INFO  : Context for processor 'ps7_cortexa9_0' is selected.
23:14:54 INFO  : The application 'D:/Project/Vivado_prj/shake_sha2/vitis1/shake_sha3/Debug/shake_sha3.elf' is downloaded to processor 'ps7_cortexa9_0'.
23:14:54 INFO  : 'configparams force-mem-access 0' command is executed.
23:14:54 INFO  : ----------------XSDB Script----------------
connect -url tcp:127.0.0.1:3121
targets -set -nocase -filter {name =~"APU*"}
rst -system
after 3000
targets -set -filter {jtag_cable_name =~ "Digilent JTAG-HS1 210512180081" && level==0 && jtag_device_ctx=="jsn-JTAG-HS1-210512180081-23727093-0"}
fpga -file D:/Project/Vivado_prj/shake_sha2/vitis1/shake_sha3/_ide/bitstream/system_wrapper.bit
targets -set -nocase -filter {name =~"APU*"}
loadhw -hw D:/Project/Vivado_prj/shake_sha2/vitis1/system/export/system/hw/system_wrapper.xsa -mem-ranges [list {0x40000000 0xbfffffff}] -regs
configparams force-mem-access 1
targets -set -nocase -filter {name =~"APU*"}
source D:/Project/Vivado_prj/shake_sha2/vitis1/shake_sha3/_ide/psinit/ps7_init.tcl
ps7_init
ps7_post_config
targets -set -nocase -filter {name =~ "*A9*#0"}
dow D:/Project/Vivado_prj/shake_sha2/vitis1/shake_sha3/Debug/shake_sha3.elf
configparams force-mem-access 0
----------------End of Script----------------

23:14:54 INFO  : Context for processor 'ps7_cortexa9_0' is selected.
23:14:54 INFO  : 'con' command is executed.
23:14:54 INFO  : ----------------XSDB Script (After Launch)----------------
targets -set -nocase -filter {name =~ "*A9*#0"}
con
----------------End of Script----------------

23:14:54 INFO  : Launch script is exported to file 'D:\Project\Vivado_prj\shake_sha2\vitis1\shake_sha3_system\_ide\scripts\debugger_shake_sha3-default.tcl'
23:20:56 INFO  : Result from executing command 'getProjects': system
23:20:56 INFO  : Result from executing command 'getPlatforms': system|D:/Project/Vivado_prj/shake_sha2/vitis1/system/export/system/system.xpfm
23:20:56 INFO  : Checking for BSP changes to sync application flags for project 'shake_sha3'...
23:21:04 INFO  : Disconnected from the channel tcfchan#3.
23:21:05 INFO  : Connected to target on host '127.0.0.1' and port '3121'.
23:21:05 INFO  : Jtag cable 'Digilent JTAG-HS1 210512180081' is selected.
23:21:05 INFO  : 'jtag frequency' command is executed.
23:21:05 INFO  : Context for 'APU' is selected.
23:21:06 INFO  : System reset is completed.
23:21:09 INFO  : 'after 3000' command is executed.
23:21:09 INFO  : 'targets -set -filter {jtag_cable_name =~ "Digilent JTAG-HS1 210512180081" && level==0 && jtag_device_ctx=="jsn-JTAG-HS1-210512180081-23727093-0"}' command is executed.
23:21:12 INFO  : Device configured successfully with "D:/Project/Vivado_prj/shake_sha2/vitis1/shake_sha3/_ide/bitstream/system_wrapper.bit"
23:21:12 INFO  : Context for 'APU' is selected.
23:21:13 INFO  : Hardware design and registers information is loaded from 'D:/Project/Vivado_prj/shake_sha2/vitis1/system/export/system/hw/system_wrapper.xsa'.
23:21:13 INFO  : 'configparams force-mem-access 1' command is executed.
23:21:13 INFO  : Context for 'APU' is selected.
23:21:13 INFO  : Sourcing of 'D:/Project/Vivado_prj/shake_sha2/vitis1/shake_sha3/_ide/psinit/ps7_init.tcl' is done.
23:21:13 INFO  : 'ps7_init' command is executed.
23:21:13 INFO  : 'ps7_post_config' command is executed.
23:21:13 INFO  : Context for processor 'ps7_cortexa9_0' is selected.
23:21:13 INFO  : The application 'D:/Project/Vivado_prj/shake_sha2/vitis1/shake_sha3/Debug/shake_sha3.elf' is downloaded to processor 'ps7_cortexa9_0'.
23:21:13 INFO  : 'configparams force-mem-access 0' command is executed.
23:21:13 INFO  : ----------------XSDB Script----------------
connect -url tcp:127.0.0.1:3121
targets -set -nocase -filter {name =~"APU*"}
rst -system
after 3000
targets -set -filter {jtag_cable_name =~ "Digilent JTAG-HS1 210512180081" && level==0 && jtag_device_ctx=="jsn-JTAG-HS1-210512180081-23727093-0"}
fpga -file D:/Project/Vivado_prj/shake_sha2/vitis1/shake_sha3/_ide/bitstream/system_wrapper.bit
targets -set -nocase -filter {name =~"APU*"}
loadhw -hw D:/Project/Vivado_prj/shake_sha2/vitis1/system/export/system/hw/system_wrapper.xsa -mem-ranges [list {0x40000000 0xbfffffff}] -regs
configparams force-mem-access 1
targets -set -nocase -filter {name =~"APU*"}
source D:/Project/Vivado_prj/shake_sha2/vitis1/shake_sha3/_ide/psinit/ps7_init.tcl
ps7_init
ps7_post_config
targets -set -nocase -filter {name =~ "*A9*#0"}
dow D:/Project/Vivado_prj/shake_sha2/vitis1/shake_sha3/Debug/shake_sha3.elf
configparams force-mem-access 0
----------------End of Script----------------

23:21:13 INFO  : Context for processor 'ps7_cortexa9_0' is selected.
23:21:13 INFO  : 'con' command is executed.
23:21:13 INFO  : ----------------XSDB Script (After Launch)----------------
targets -set -nocase -filter {name =~ "*A9*#0"}
con
----------------End of Script----------------

23:21:13 INFO  : Launch script is exported to file 'D:\Project\Vivado_prj\shake_sha2\vitis1\shake_sha3_system\_ide\scripts\debugger_shake_sha3-default.tcl'
23:22:37 INFO  : Checking for BSP changes to sync application flags for project 'shake_sha3'...
23:22:45 INFO  : Disconnected from the channel tcfchan#5.
23:22:46 INFO  : Connected to target on host '127.0.0.1' and port '3121'.
23:22:46 INFO  : Jtag cable 'Digilent JTAG-HS1 210512180081' is selected.
23:22:46 INFO  : 'jtag frequency' command is executed.
23:22:46 INFO  : Context for 'APU' is selected.
23:22:46 INFO  : System reset is completed.
23:22:49 INFO  : 'after 3000' command is executed.
23:22:49 INFO  : 'targets -set -filter {jtag_cable_name =~ "Digilent JTAG-HS1 210512180081" && level==0 && jtag_device_ctx=="jsn-JTAG-HS1-210512180081-23727093-0"}' command is executed.
23:22:53 INFO  : Device configured successfully with "D:/Project/Vivado_prj/shake_sha2/vitis1/shake_sha3/_ide/bitstream/system_wrapper.bit"
23:22:53 INFO  : Context for 'APU' is selected.
23:22:53 INFO  : Hardware design and registers information is loaded from 'D:/Project/Vivado_prj/shake_sha2/vitis1/system/export/system/hw/system_wrapper.xsa'.
23:22:53 INFO  : 'configparams force-mem-access 1' command is executed.
23:22:53 INFO  : Context for 'APU' is selected.
23:22:53 INFO  : Sourcing of 'D:/Project/Vivado_prj/shake_sha2/vitis1/shake_sha3/_ide/psinit/ps7_init.tcl' is done.
23:22:53 INFO  : 'ps7_init' command is executed.
23:22:53 INFO  : 'ps7_post_config' command is executed.
23:22:53 INFO  : Context for processor 'ps7_cortexa9_0' is selected.
23:22:53 INFO  : The application 'D:/Project/Vivado_prj/shake_sha2/vitis1/shake_sha3/Debug/shake_sha3.elf' is downloaded to processor 'ps7_cortexa9_0'.
23:22:53 INFO  : 'configparams force-mem-access 0' command is executed.
23:22:53 INFO  : ----------------XSDB Script----------------
connect -url tcp:127.0.0.1:3121
targets -set -nocase -filter {name =~"APU*"}
rst -system
after 3000
targets -set -filter {jtag_cable_name =~ "Digilent JTAG-HS1 210512180081" && level==0 && jtag_device_ctx=="jsn-JTAG-HS1-210512180081-23727093-0"}
fpga -file D:/Project/Vivado_prj/shake_sha2/vitis1/shake_sha3/_ide/bitstream/system_wrapper.bit
targets -set -nocase -filter {name =~"APU*"}
loadhw -hw D:/Project/Vivado_prj/shake_sha2/vitis1/system/export/system/hw/system_wrapper.xsa -mem-ranges [list {0x40000000 0xbfffffff}] -regs
configparams force-mem-access 1
targets -set -nocase -filter {name =~"APU*"}
source D:/Project/Vivado_prj/shake_sha2/vitis1/shake_sha3/_ide/psinit/ps7_init.tcl
ps7_init
ps7_post_config
targets -set -nocase -filter {name =~ "*A9*#0"}
dow D:/Project/Vivado_prj/shake_sha2/vitis1/shake_sha3/Debug/shake_sha3.elf
configparams force-mem-access 0
----------------End of Script----------------

23:22:53 INFO  : Context for processor 'ps7_cortexa9_0' is selected.
23:22:53 INFO  : 'con' command is executed.
23:22:53 INFO  : ----------------XSDB Script (After Launch)----------------
targets -set -nocase -filter {name =~ "*A9*#0"}
con
----------------End of Script----------------

23:22:53 INFO  : Launch script is exported to file 'D:\Project\Vivado_prj\shake_sha2\vitis1\shake_sha3_system\_ide\scripts\debugger_shake_sha3-default.tcl'
23:23:12 INFO  : Disconnected from the channel tcfchan#6.
23:23:13 INFO  : Connected to target on host '127.0.0.1' and port '3121'.
23:23:13 INFO  : Jtag cable 'Digilent JTAG-HS1 210512180081' is selected.
23:23:13 INFO  : 'jtag frequency' command is executed.
23:23:13 INFO  : Context for 'APU' is selected.
23:23:13 INFO  : System reset is completed.
23:23:16 INFO  : 'after 3000' command is executed.
23:23:16 INFO  : 'targets -set -filter {jtag_cable_name =~ "Digilent JTAG-HS1 210512180081" && level==0 && jtag_device_ctx=="jsn-JTAG-HS1-210512180081-23727093-0"}' command is executed.
23:23:20 INFO  : Device configured successfully with "D:/Project/Vivado_prj/shake_sha2/vitis1/shake_sha3/_ide/bitstream/system_wrapper.bit"
23:23:20 INFO  : Context for 'APU' is selected.
23:23:20 INFO  : Hardware design and registers information is loaded from 'D:/Project/Vivado_prj/shake_sha2/vitis1/system/export/system/hw/system_wrapper.xsa'.
23:23:20 INFO  : 'configparams force-mem-access 1' command is executed.
23:23:20 INFO  : Context for 'APU' is selected.
23:23:20 INFO  : Sourcing of 'D:/Project/Vivado_prj/shake_sha2/vitis1/shake_sha3/_ide/psinit/ps7_init.tcl' is done.
23:23:20 INFO  : 'ps7_init' command is executed.
23:23:20 INFO  : 'ps7_post_config' command is executed.
23:23:20 INFO  : Context for processor 'ps7_cortexa9_0' is selected.
23:23:20 INFO  : The application 'D:/Project/Vivado_prj/shake_sha2/vitis1/shake_sha3/Debug/shake_sha3.elf' is downloaded to processor 'ps7_cortexa9_0'.
23:23:20 INFO  : 'configparams force-mem-access 0' command is executed.
23:23:20 INFO  : ----------------XSDB Script----------------
connect -url tcp:127.0.0.1:3121
targets -set -nocase -filter {name =~"APU*"}
rst -system
after 3000
targets -set -filter {jtag_cable_name =~ "Digilent JTAG-HS1 210512180081" && level==0 && jtag_device_ctx=="jsn-JTAG-HS1-210512180081-23727093-0"}
fpga -file D:/Project/Vivado_prj/shake_sha2/vitis1/shake_sha3/_ide/bitstream/system_wrapper.bit
targets -set -nocase -filter {name =~"APU*"}
loadhw -hw D:/Project/Vivado_prj/shake_sha2/vitis1/system/export/system/hw/system_wrapper.xsa -mem-ranges [list {0x40000000 0xbfffffff}] -regs
configparams force-mem-access 1
targets -set -nocase -filter {name =~"APU*"}
source D:/Project/Vivado_prj/shake_sha2/vitis1/shake_sha3/_ide/psinit/ps7_init.tcl
ps7_init
ps7_post_config
targets -set -nocase -filter {name =~ "*A9*#0"}
dow D:/Project/Vivado_prj/shake_sha2/vitis1/shake_sha3/Debug/shake_sha3.elf
configparams force-mem-access 0
----------------End of Script----------------

23:23:20 INFO  : Context for processor 'ps7_cortexa9_0' is selected.
23:23:20 INFO  : 'con' command is executed.
23:23:20 INFO  : ----------------XSDB Script (After Launch)----------------
targets -set -nocase -filter {name =~ "*A9*#0"}
con
----------------End of Script----------------

23:23:20 INFO  : Launch script is exported to file 'D:\Project\Vivado_prj\shake_sha2\vitis1\shake_sha3_system\_ide\scripts\debugger_shake_sha3-default.tcl'
23:24:58 INFO  : Disconnected from the channel tcfchan#7.
23:24:59 INFO  : Connected to target on host '127.0.0.1' and port '3121'.
23:24:59 INFO  : Jtag cable 'Digilent JTAG-HS1 210512180081' is selected.
23:24:59 INFO  : 'jtag frequency' command is executed.
23:24:59 INFO  : Context for 'APU' is selected.
23:25:00 INFO  : System reset is completed.
23:25:03 INFO  : 'after 3000' command is executed.
23:25:03 INFO  : 'targets -set -filter {jtag_cable_name =~ "Digilent JTAG-HS1 210512180081" && level==0 && jtag_device_ctx=="jsn-JTAG-HS1-210512180081-23727093-0"}' command is executed.
23:25:06 INFO  : Device configured successfully with "D:/Project/Vivado_prj/shake_sha2/vitis1/shake_sha3/_ide/bitstream/system_wrapper.bit"
23:25:06 INFO  : Context for 'APU' is selected.
23:25:06 INFO  : Hardware design and registers information is loaded from 'D:/Project/Vivado_prj/shake_sha2/vitis1/system/export/system/hw/system_wrapper.xsa'.
23:25:06 INFO  : 'configparams force-mem-access 1' command is executed.
23:25:06 INFO  : Context for 'APU' is selected.
23:25:06 INFO  : Sourcing of 'D:/Project/Vivado_prj/shake_sha2/vitis1/shake_sha3/_ide/psinit/ps7_init.tcl' is done.
23:25:06 INFO  : 'ps7_init' command is executed.
23:25:06 INFO  : 'ps7_post_config' command is executed.
23:25:06 INFO  : Context for processor 'ps7_cortexa9_0' is selected.
23:25:06 INFO  : The application 'D:/Project/Vivado_prj/shake_sha2/vitis1/shake_sha3/Debug/shake_sha3.elf' is downloaded to processor 'ps7_cortexa9_0'.
23:25:06 INFO  : 'configparams force-mem-access 0' command is executed.
23:25:06 INFO  : ----------------XSDB Script----------------
connect -url tcp:127.0.0.1:3121
targets -set -nocase -filter {name =~"APU*"}
rst -system
after 3000
targets -set -filter {jtag_cable_name =~ "Digilent JTAG-HS1 210512180081" && level==0 && jtag_device_ctx=="jsn-JTAG-HS1-210512180081-23727093-0"}
fpga -file D:/Project/Vivado_prj/shake_sha2/vitis1/shake_sha3/_ide/bitstream/system_wrapper.bit
targets -set -nocase -filter {name =~"APU*"}
loadhw -hw D:/Project/Vivado_prj/shake_sha2/vitis1/system/export/system/hw/system_wrapper.xsa -mem-ranges [list {0x40000000 0xbfffffff}] -regs
configparams force-mem-access 1
targets -set -nocase -filter {name =~"APU*"}
source D:/Project/Vivado_prj/shake_sha2/vitis1/shake_sha3/_ide/psinit/ps7_init.tcl
ps7_init
ps7_post_config
targets -set -nocase -filter {name =~ "*A9*#0"}
dow D:/Project/Vivado_prj/shake_sha2/vitis1/shake_sha3/Debug/shake_sha3.elf
configparams force-mem-access 0
----------------End of Script----------------

23:25:06 INFO  : Context for processor 'ps7_cortexa9_0' is selected.
23:25:06 INFO  : 'con' command is executed.
23:25:06 INFO  : ----------------XSDB Script (After Launch)----------------
targets -set -nocase -filter {name =~ "*A9*#0"}
con
----------------End of Script----------------

23:25:06 INFO  : Launch script is exported to file 'D:\Project\Vivado_prj\shake_sha2\vitis1\shake_sha3_system\_ide\scripts\debugger_shake_sha3-default.tcl'
23:26:01 INFO  : Checking for BSP changes to sync application flags for project 'shake_sha3'...
23:26:10 INFO  : Disconnected from the channel tcfchan#8.
23:26:11 INFO  : Connected to target on host '127.0.0.1' and port '3121'.
23:26:11 INFO  : Jtag cable 'Digilent JTAG-HS1 210512180081' is selected.
23:26:11 INFO  : 'jtag frequency' command is executed.
23:26:11 INFO  : Context for 'APU' is selected.
23:26:11 INFO  : System reset is completed.
23:26:14 INFO  : 'after 3000' command is executed.
23:26:14 INFO  : 'targets -set -filter {jtag_cable_name =~ "Digilent JTAG-HS1 210512180081" && level==0 && jtag_device_ctx=="jsn-JTAG-HS1-210512180081-23727093-0"}' command is executed.
23:26:18 INFO  : Device configured successfully with "D:/Project/Vivado_prj/shake_sha2/vitis1/shake_sha3/_ide/bitstream/system_wrapper.bit"
23:26:18 INFO  : Context for 'APU' is selected.
23:26:18 INFO  : Hardware design and registers information is loaded from 'D:/Project/Vivado_prj/shake_sha2/vitis1/system/export/system/hw/system_wrapper.xsa'.
23:26:18 INFO  : 'configparams force-mem-access 1' command is executed.
23:26:18 INFO  : Context for 'APU' is selected.
23:26:18 INFO  : Sourcing of 'D:/Project/Vivado_prj/shake_sha2/vitis1/shake_sha3/_ide/psinit/ps7_init.tcl' is done.
23:26:18 INFO  : 'ps7_init' command is executed.
23:26:18 INFO  : 'ps7_post_config' command is executed.
23:26:18 INFO  : Context for processor 'ps7_cortexa9_0' is selected.
23:26:18 INFO  : The application 'D:/Project/Vivado_prj/shake_sha2/vitis1/shake_sha3/Debug/shake_sha3.elf' is downloaded to processor 'ps7_cortexa9_0'.
23:26:18 INFO  : 'configparams force-mem-access 0' command is executed.
23:26:18 INFO  : ----------------XSDB Script----------------
connect -url tcp:127.0.0.1:3121
targets -set -nocase -filter {name =~"APU*"}
rst -system
after 3000
targets -set -filter {jtag_cable_name =~ "Digilent JTAG-HS1 210512180081" && level==0 && jtag_device_ctx=="jsn-JTAG-HS1-210512180081-23727093-0"}
fpga -file D:/Project/Vivado_prj/shake_sha2/vitis1/shake_sha3/_ide/bitstream/system_wrapper.bit
targets -set -nocase -filter {name =~"APU*"}
loadhw -hw D:/Project/Vivado_prj/shake_sha2/vitis1/system/export/system/hw/system_wrapper.xsa -mem-ranges [list {0x40000000 0xbfffffff}] -regs
configparams force-mem-access 1
targets -set -nocase -filter {name =~"APU*"}
source D:/Project/Vivado_prj/shake_sha2/vitis1/shake_sha3/_ide/psinit/ps7_init.tcl
ps7_init
ps7_post_config
targets -set -nocase -filter {name =~ "*A9*#0"}
dow D:/Project/Vivado_prj/shake_sha2/vitis1/shake_sha3/Debug/shake_sha3.elf
configparams force-mem-access 0
----------------End of Script----------------

23:26:18 INFO  : Context for processor 'ps7_cortexa9_0' is selected.
23:26:18 INFO  : 'con' command is executed.
23:26:18 INFO  : ----------------XSDB Script (After Launch)----------------
targets -set -nocase -filter {name =~ "*A9*#0"}
con
----------------End of Script----------------

23:26:18 INFO  : Launch script is exported to file 'D:\Project\Vivado_prj\shake_sha2\vitis1\shake_sha3_system\_ide\scripts\debugger_shake_sha3-default.tcl'
23:26:49 INFO  : Checking for BSP changes to sync application flags for project 'shake_sha3'...
23:26:54 INFO  : Disconnected from the channel tcfchan#9.
23:26:55 INFO  : Connected to target on host '127.0.0.1' and port '3121'.
23:26:56 INFO  : Jtag cable 'Digilent JTAG-HS1 210512180081' is selected.
23:26:56 INFO  : 'jtag frequency' command is executed.
23:26:56 INFO  : Context for 'APU' is selected.
23:26:56 INFO  : System reset is completed.
23:26:59 INFO  : 'after 3000' command is executed.
23:26:59 INFO  : 'targets -set -filter {jtag_cable_name =~ "Digilent JTAG-HS1 210512180081" && level==0 && jtag_device_ctx=="jsn-JTAG-HS1-210512180081-23727093-0"}' command is executed.
23:27:02 INFO  : Device configured successfully with "D:/Project/Vivado_prj/shake_sha2/vitis1/shake_sha3/_ide/bitstream/system_wrapper.bit"
23:27:02 INFO  : Context for 'APU' is selected.
23:27:02 INFO  : Hardware design and registers information is loaded from 'D:/Project/Vivado_prj/shake_sha2/vitis1/system/export/system/hw/system_wrapper.xsa'.
23:27:02 INFO  : 'configparams force-mem-access 1' command is executed.
23:27:02 INFO  : Context for 'APU' is selected.
23:27:02 INFO  : Sourcing of 'D:/Project/Vivado_prj/shake_sha2/vitis1/shake_sha3/_ide/psinit/ps7_init.tcl' is done.
23:27:02 INFO  : 'ps7_init' command is executed.
23:27:02 INFO  : 'ps7_post_config' command is executed.
23:27:02 INFO  : Context for processor 'ps7_cortexa9_0' is selected.
23:27:02 INFO  : The application 'D:/Project/Vivado_prj/shake_sha2/vitis1/shake_sha3/Debug/shake_sha3.elf' is downloaded to processor 'ps7_cortexa9_0'.
23:27:02 INFO  : 'configparams force-mem-access 0' command is executed.
23:27:02 INFO  : ----------------XSDB Script----------------
connect -url tcp:127.0.0.1:3121
targets -set -nocase -filter {name =~"APU*"}
rst -system
after 3000
targets -set -filter {jtag_cable_name =~ "Digilent JTAG-HS1 210512180081" && level==0 && jtag_device_ctx=="jsn-JTAG-HS1-210512180081-23727093-0"}
fpga -file D:/Project/Vivado_prj/shake_sha2/vitis1/shake_sha3/_ide/bitstream/system_wrapper.bit
targets -set -nocase -filter {name =~"APU*"}
loadhw -hw D:/Project/Vivado_prj/shake_sha2/vitis1/system/export/system/hw/system_wrapper.xsa -mem-ranges [list {0x40000000 0xbfffffff}] -regs
configparams force-mem-access 1
targets -set -nocase -filter {name =~"APU*"}
source D:/Project/Vivado_prj/shake_sha2/vitis1/shake_sha3/_ide/psinit/ps7_init.tcl
ps7_init
ps7_post_config
targets -set -nocase -filter {name =~ "*A9*#0"}
dow D:/Project/Vivado_prj/shake_sha2/vitis1/shake_sha3/Debug/shake_sha3.elf
configparams force-mem-access 0
----------------End of Script----------------

23:27:03 INFO  : Context for processor 'ps7_cortexa9_0' is selected.
23:27:03 INFO  : 'con' command is executed.
23:27:03 INFO  : ----------------XSDB Script (After Launch)----------------
targets -set -nocase -filter {name =~ "*A9*#0"}
con
----------------End of Script----------------

23:27:03 INFO  : Launch script is exported to file 'D:\Project\Vivado_prj\shake_sha2\vitis1\shake_sha3_system\_ide\scripts\debugger_shake_sha3-default.tcl'
23:34:58 INFO  : Checking for BSP changes to sync application flags for project 'shake_sha3'...
23:35:12 INFO  : Disconnected from the channel tcfchan#10.
23:35:13 INFO  : Connected to target on host '127.0.0.1' and port '3121'.
23:35:13 INFO  : Jtag cable 'Digilent JTAG-HS1 210512180081' is selected.
23:35:13 INFO  : 'jtag frequency' command is executed.
23:35:13 INFO  : Context for 'APU' is selected.
23:35:13 INFO  : System reset is completed.
23:35:16 INFO  : 'after 3000' command is executed.
23:35:16 INFO  : 'targets -set -filter {jtag_cable_name =~ "Digilent JTAG-HS1 210512180081" && level==0 && jtag_device_ctx=="jsn-JTAG-HS1-210512180081-23727093-0"}' command is executed.
23:35:19 INFO  : Device configured successfully with "D:/Project/Vivado_prj/shake_sha2/vitis1/shake_sha3/_ide/bitstream/system_wrapper.bit"
23:35:19 INFO  : Context for 'APU' is selected.
23:35:19 INFO  : Hardware design and registers information is loaded from 'D:/Project/Vivado_prj/shake_sha2/vitis1/system/export/system/hw/system_wrapper.xsa'.
23:35:19 INFO  : 'configparams force-mem-access 1' command is executed.
23:35:19 INFO  : Context for 'APU' is selected.
23:35:19 INFO  : Sourcing of 'D:/Project/Vivado_prj/shake_sha2/vitis1/shake_sha3/_ide/psinit/ps7_init.tcl' is done.
23:35:20 INFO  : 'ps7_init' command is executed.
23:35:20 INFO  : 'ps7_post_config' command is executed.
23:35:20 INFO  : Context for processor 'ps7_cortexa9_0' is selected.
23:35:20 INFO  : The application 'D:/Project/Vivado_prj/shake_sha2/vitis1/shake_sha3/Debug/shake_sha3.elf' is downloaded to processor 'ps7_cortexa9_0'.
23:35:20 INFO  : 'configparams force-mem-access 0' command is executed.
23:35:20 INFO  : ----------------XSDB Script----------------
connect -url tcp:127.0.0.1:3121
targets -set -nocase -filter {name =~"APU*"}
rst -system
after 3000
targets -set -filter {jtag_cable_name =~ "Digilent JTAG-HS1 210512180081" && level==0 && jtag_device_ctx=="jsn-JTAG-HS1-210512180081-23727093-0"}
fpga -file D:/Project/Vivado_prj/shake_sha2/vitis1/shake_sha3/_ide/bitstream/system_wrapper.bit
targets -set -nocase -filter {name =~"APU*"}
loadhw -hw D:/Project/Vivado_prj/shake_sha2/vitis1/system/export/system/hw/system_wrapper.xsa -mem-ranges [list {0x40000000 0xbfffffff}] -regs
configparams force-mem-access 1
targets -set -nocase -filter {name =~"APU*"}
source D:/Project/Vivado_prj/shake_sha2/vitis1/shake_sha3/_ide/psinit/ps7_init.tcl
ps7_init
ps7_post_config
targets -set -nocase -filter {name =~ "*A9*#0"}
dow D:/Project/Vivado_prj/shake_sha2/vitis1/shake_sha3/Debug/shake_sha3.elf
configparams force-mem-access 0
----------------End of Script----------------

23:35:20 INFO  : Context for processor 'ps7_cortexa9_0' is selected.
23:35:20 INFO  : 'con' command is executed.
23:35:20 INFO  : ----------------XSDB Script (After Launch)----------------
targets -set -nocase -filter {name =~ "*A9*#0"}
con
----------------End of Script----------------

23:35:20 INFO  : Launch script is exported to file 'D:\Project\Vivado_prj\shake_sha2\vitis1\shake_sha3_system\_ide\scripts\debugger_shake_sha3-default.tcl'
23:35:35 INFO  : Disconnected from the channel tcfchan#11.
23:36:26 INFO  : Launching XSCT server: xsct.bat -n  -interactive D:\Project\Vivado_prj\shake_sha2\vitis1\temp_xsdb_launch_script.tcl
23:36:28 INFO  : XSCT server has started successfully.
23:36:28 INFO  : Successfully done setting XSCT server connection channel  
23:36:28 INFO  : plnx-install-location is set to ''
23:36:28 INFO  : Successfully done setting workspace for the tool. 
23:36:31 INFO  : Platform repository initialization has completed.
23:36:31 INFO  : Successfully done query RDI_DATADIR 
23:36:31 INFO  : Registering command handlers for Vitis TCF services
