#-----------------------------------------------------------
# Vivado v2020.2 (64-bit)
# SW Build 3064766 on Wed Nov 18 09:12:45 MST 2020
# IP Build 3064653 on Wed Nov 18 14:17:31 MST 2020
# Start of session at: Wed Oct 15 22:21:20 2025
# Process ID: 39904
# Current directory: D:/Project/Vivado_prj/shake_sha2/prj
# Command line: vivado.exe -gui_launcher_event rodinguilauncherevent13872 D:\Project\Vivado_prj\shake_sha2\prj\shake_sha2.xpr
# Log file: D:/Project/Vivado_prj/shake_sha2/prj/vivado.log
# Journal file: D:/Project/Vivado_prj/shake_sha2/prj\vivado.jou
#-----------------------------------------------------------
start_gui
open_project D:/Project/Vivado_prj/shake_sha2/prj/shake_sha2.xpr
Scanning sources...
Finished scanning sources
INFO: [IP_Flow 19-234] Refreshing IP repositories
INFO: [IP_Flow 19-1704] No user IP repositories specified
INFO: [IP_Flow 19-2313] Loaded Vivado IP repository 'D:/Downloads/vivado_2020/Vivado/2020.2/data/ip'.
open_project: Time (s): cpu = 00:00:13 ; elapsed = 00:00:08 . Memory (MB): peak = 1120.316 ; gain = 0.000
update_compile_order -fileset sources_1
update_module_reference system_shake_sha2_ip_v1_0_S_0_1
INFO: [IP_Flow 19-5107] Inferred bus interface 'S_AXI' of definition 'xilinx.com:interface:aximm:1.0' (from Xilinx Repository).
INFO: [IP_Flow 19-5107] Inferred bus interface 'S_AXI_ARESETN' of definition 'xilinx.com:signal:reset:1.0' (from Xilinx Repository).
INFO: [IP_Flow 19-5107] Inferred bus interface 'S_AXI_ACLK' of definition 'xilinx.com:signal:clock:1.0' (from Xilinx Repository).
INFO: [IP_Flow 19-4728] Bus Interface 'S_AXI_ARESETN': Added interface parameter 'POLARITY' with value 'ACTIVE_LOW'.
INFO: [IP_Flow 19-4728] Bus Interface 'S_AXI_ACLK': Added interface parameter 'ASSOCIATED_BUSIF' with value 'S_AXI'.
INFO: [IP_Flow 19-4728] Bus Interface 'S_AXI_ACLK': Added interface parameter 'ASSOCIATED_RESET' with value 'S_AXI_ARESETN'.
INFO: [IP_Flow 19-234] Refreshing IP repositories
INFO: [IP_Flow 19-1704] No user IP repositories specified
Reading block design file <D:/Project/Vivado_prj/shake_sha2/prj/shake_sha2.srcs/sources_1/bd/system/system.bd>...
Adding component instance block -- xilinx.com:ip:processing_system7:5.5 - processing_system7_0
Adding component instance block -- xilinx.com:ip:axi_interconnect:2.1 - ps7_0_axi_periph
Adding component instance block -- xilinx.com:ip:axi_protocol_converter:2.1 - auto_pc
Adding component instance block -- xilinx.com:ip:proc_sys_reset:5.0 - rst_ps7_0_50M
Adding component instance block -- xilinx.com:module_ref:shake_sha2_ip_v1_0_S00_AXI:1.0 - shake_sha2_ip_v1_0_S_0
Successfully read diagram <system> from block design file <D:/Project/Vivado_prj/shake_sha2/prj/shake_sha2.srcs/sources_1/bd/system/system.bd>
Upgrading 'D:/Project/Vivado_prj/shake_sha2/prj/shake_sha2.srcs/sources_1/bd/system/system.bd'
INFO: [IP_Flow 19-1972] Upgraded system_shake_sha2_ip_v1_0_S_0_1 from shake_sha2_ip_v1_0_S00_AXI_v1_0 1.0 to shake_sha2_ip_v1_0_S00_AXI_v1_0 1.0
Wrote  : <D:\Project\Vivado_prj\shake_sha2\prj\shake_sha2.srcs\sources_1\bd\system\system.bd> 
Wrote  : <D:/Project/Vivado_prj/shake_sha2/prj/shake_sha2.srcs/sources_1/bd/system/ui/bd_c954508f.ui> 
upgrade_ip: Time (s): cpu = 00:00:06 ; elapsed = 00:00:08 . Memory (MB): peak = 1289.453 ; gain = 188.555
update_module_reference: Time (s): cpu = 00:00:06 ; elapsed = 00:00:08 . Memory (MB): peak = 1289.457 ; gain = 188.559
open_hw_manager
connect_hw_server -allow_non_jtag
INFO: [Labtools 27-2285] Connecting to hw_server url TCP:localhost:3121
INFO: [Labtools 27-3415] Connecting to cs_server url TCP:localhost:3042
INFO: [Labtools 27-3417] Launching cs_server...
INFO: [Labtools 27-2221] Launch Output:


******** Xilinx cs_server v2020.2
  ****** Build date   : Nov 04 2020-05:02:56
    **** Build number : 2020.2.1604437376
      ** Copyright 2017-2020 Xilinx, Inc. All Rights Reserved.



connect_hw_server: Time (s): cpu = 00:00:01 ; elapsed = 00:00:06 . Memory (MB): peak = 1416.914 ; gain = 0.000
open_hw_target
INFO: [Labtoolstcl 44-466] Opening hw_target localhost:3121/xilinx_tcf/Digilent/210512180081
set_property PROGRAM.FILE {D:/Project/Vivado_prj/shake_sha2/prj/shake_sha2.runs/impl_1/system_wrapper.bit} [get_hw_devices xc7z020_1]
set_property PROBES.FILE {D:/Project/Vivado_prj/shake_sha2/prj/shake_sha2.runs/impl_1/system_wrapper.ltx} [get_hw_devices xc7z020_1]
set_property FULL_PROBES.FILE {D:/Project/Vivado_prj/shake_sha2/prj/shake_sha2.runs/impl_1/system_wrapper.ltx} [get_hw_devices xc7z020_1]
current_hw_device [get_hw_devices xc7z020_1]
refresh_hw_device [lindex [get_hw_devices xc7z020_1] 0]
INFO: [Labtools 27-2302] Device xc7z020 (JTAG device index = 1) is programmed with a design that has 1 ILA core(s).
display_hw_ila_data [ get_hw_ila_data hw_ila_data_1 -of_objects [get_hw_ilas -of_objects [get_hw_devices xc7z020_1] -filter {CELL_NAME=~"system_i/shake_sha2_ip_v1_0_S_0/inst/u_shake_sha2_top/u_ila"}]]
set_property TRIGGER_COMPARE_VALUE eq1'bR [get_hw_probes system_i/shake_sha2_ip_v1_0_S_0/inst/u_shake_sha2_top/dout_valid -of_objects [get_hw_ilas -of_objects [get_hw_devices xc7z020_1] -filter {CELL_NAME=~"system_i/shake_sha2_ip_v1_0_S_0/inst/u_shake_sha2_top/u_ila"}]]
run_hw_ila [get_hw_ilas -of_objects [get_hw_devices xc7z020_1] -filter {CELL_NAME=~"system_i/shake_sha2_ip_v1_0_S_0/inst/u_shake_sha2_top/u_ila"}]
INFO: [Labtools 27-1964] The ILA core 'hw_ila_1' trigger was armed at 2025-Oct-15 22:24:09
wait_on_hw_ila [get_hw_ilas -of_objects [get_hw_devices xc7z020_1] -filter {CELL_NAME=~"system_i/shake_sha2_ip_v1_0_S_0/inst/u_shake_sha2_top/u_ila"}]
display_hw_ila_data [upload_hw_ila_data [get_hw_ilas -of_objects [get_hw_devices xc7z020_1] -filter {CELL_NAME=~"system_i/shake_sha2_ip_v1_0_S_0/inst/u_shake_sha2_top/u_ila"}]]
INFO: [Labtools 27-1966] The ILA core 'hw_ila_1' triggered at 2025-Oct-15 22:24:20
INFO: [Labtools 27-3304] ILA Waveform data saved to file D:/Project/Vivado_prj/shake_sha2/prj/shake_sha2.hw/backup/hw_ila_data_1.ila. Use Tcl command 'read_hw_ila_data' or Vivado File->Import->Import ILA Data menu item to import the previously saved data.
run_hw_ila [get_hw_ilas -of_objects [get_hw_devices xc7z020_1] -filter {CELL_NAME=~"system_i/shake_sha2_ip_v1_0_S_0/inst/u_shake_sha2_top/u_ila"}]
INFO: [Labtools 27-1964] The ILA core 'hw_ila_1' trigger was armed at 2025-Oct-15 22:26:02
ERROR: [Labtoolstcl 44-513] HW Target shutdown. Closing target: localhost:3121/xilinx_tcf/Digilent/210512180081
INFO: [Labtoolstcl 44-466] Opening hw_target localhost:3121/xilinx_tcf/Digilent/210512180081
WARNING: [Labtoolstcl 44-129] No matching hw_ila_data was found.
INFO: [Labtools 27-1435] Device xc7z020 (JTAG device index = 1) is not programmed (DONE status = 0).
WARNING: [Labtoolstcl 44-129] No matching hw_ila_data was found.
refresh_hw_device [lindex [get_hw_devices xc7z020_1] 0]
INFO: [Labtools 27-1435] Device xc7z020 (JTAG device index = 1) is not programmed (DONE status = 0).
refresh_hw_device [lindex [get_hw_devices xc7z020_1] 0]
INFO: [Labtools 27-1435] Device xc7z020 (JTAG device index = 1) is not programmed (DONE status = 0).
refresh_hw_device [lindex [get_hw_devices xc7z020_1] 0]
INFO: [Labtools 27-1435] Device xc7z020 (JTAG device index = 1) is not programmed (DONE status = 0).
refresh_hw_device [lindex [get_hw_devices xc7z020_1] 0]
INFO: [Labtools 27-1435] Device xc7z020 (JTAG device index = 1) is not programmed (DONE status = 0).
set_property PROBES.FILE {D:/Project/Vivado_prj/shake_sha2/prj/shake_sha2.runs/impl_1/system_wrapper.ltx} [get_hw_devices xc7z020_1]
set_property FULL_PROBES.FILE {D:/Project/Vivado_prj/shake_sha2/prj/shake_sha2.runs/impl_1/system_wrapper.ltx} [get_hw_devices xc7z020_1]
set_property PROGRAM.FILE {D:/Project/Vivado_prj/shake_sha2/prj/shake_sha2.runs/impl_1/system_wrapper.bit} [get_hw_devices xc7z020_1]
program_hw_devices [get_hw_devices xc7z020_1]
INFO: [Labtools 27-3164] End of startup status: HIGH
refresh_hw_device [lindex [get_hw_devices xc7z020_1] 0]
WARNING: [Xicom 50-38] xicom: No CseXsdb register file specified for CseXsdb slave type: 0, cse driver version: 0. Slave initialization skipped.
INFO: [Labtools 27-1434] Device xc7z020 (JTAG device index = 1) is programmed with a design that has no supported debug core(s) in it.
WARNING: [Labtools 27-3361] The debug hub core was not detected.
Resolution: 
1. Make sure the clock connected to the debug hub (dbg_hub) core is a free running clock and is active.
2. Make sure the BSCAN_SWITCH_USER_MASK device property in Vivado Hardware Manager reflects the user scan chain setting in the design and refresh the device.  To determine the user scan chain setting in the design, open the implemented design and use 'get_property C_USER_SCAN_CHAIN [get_debug_cores dbg_hub]'.
For more details on setting the scan chain property, consult the Vivado Debug and Programming User Guide (UG908).
WARNING: [Labtools 27-3413] Dropping logic core with cellname:'system_i/shake_sha2_ip_v1_0_S_0/inst/u_shake_sha2_top/u_ila' at location 'uuid_763633EFDE4F56EE8468E1876479EFC6' from probes file, since it cannot be found on the programmed device.
refresh_hw_device [lindex [get_hw_devices xc7z020_1] 0]
INFO: [Labtools 27-1434] Device xc7z020 (JTAG device index = 1) is programmed with a design that has no supported debug core(s) in it.
WARNING: [Labtools 27-3361] The debug hub core was not detected.
Resolution: 
1. Make sure the clock connected to the debug hub (dbg_hub) core is a free running clock and is active.
2. Make sure the BSCAN_SWITCH_USER_MASK device property in Vivado Hardware Manager reflects the user scan chain setting in the design and refresh the device.  To determine the user scan chain setting in the design, open the implemented design and use 'get_property C_USER_SCAN_CHAIN [get_debug_cores dbg_hub]'.
For more details on setting the scan chain property, consult the Vivado Debug and Programming User Guide (UG908).
WARNING: [Labtools 27-3413] Dropping logic core with cellname:'system_i/shake_sha2_ip_v1_0_S_0/inst/u_shake_sha2_top/u_ila' at location 'uuid_763633EFDE4F56EE8468E1876479EFC6' from probes file, since it cannot be found on the programmed device.
close_hw_manager
open_hw_manager
connect_hw_server -allow_non_jtag
INFO: [Labtools 27-2285] Connecting to hw_server url TCP:localhost:3121
INFO: [Labtools 27-3415] Connecting to cs_server url TCP:localhost:3042
INFO: [Labtools 27-3414] Connected to existing cs_server.
open_hw_target
INFO: [Labtoolstcl 44-466] Opening hw_target localhost:3121/xilinx_tcf/Digilent/210512180081
set_property PROGRAM.FILE {D:/Project/Vivado_prj/shake_sha2/prj/shake_sha2.runs/impl_1/system_wrapper.bit} [get_hw_devices xc7z020_1]
set_property PROBES.FILE {D:/Project/Vivado_prj/shake_sha2/prj/shake_sha2.runs/impl_1/system_wrapper.ltx} [get_hw_devices xc7z020_1]
set_property FULL_PROBES.FILE {D:/Project/Vivado_prj/shake_sha2/prj/shake_sha2.runs/impl_1/system_wrapper.ltx} [get_hw_devices xc7z020_1]
current_hw_device [get_hw_devices xc7z020_1]
refresh_hw_device [lindex [get_hw_devices xc7z020_1] 0]
WARNING: [Xicom 50-38] xicom: No CseXsdb register file specified for CseXsdb slave type: 0, cse driver version: 0. Slave initialization skipped.
INFO: [Labtools 27-1434] Device xc7z020 (JTAG device index = 1) is programmed with a design that has no supported debug core(s) in it.
WARNING: [Labtools 27-3361] The debug hub core was not detected.
Resolution: 
1. Make sure the clock connected to the debug hub (dbg_hub) core is a free running clock and is active.
2. Make sure the BSCAN_SWITCH_USER_MASK device property in Vivado Hardware Manager reflects the user scan chain setting in the design and refresh the device.  To determine the user scan chain setting in the design, open the implemented design and use 'get_property C_USER_SCAN_CHAIN [get_debug_cores dbg_hub]'.
For more details on setting the scan chain property, consult the Vivado Debug and Programming User Guide (UG908).
WARNING: [Labtools 27-3413] Dropping logic core with cellname:'system_i/shake_sha2_ip_v1_0_S_0/inst/u_shake_sha2_top/u_ila' at location 'uuid_763633EFDE4F56EE8468E1876479EFC6' from probes file, since it cannot be found on the programmed device.
refresh_hw_device [lindex [get_hw_devices xc7z020_1] 0]
INFO: [Labtools 27-1434] Device xc7z020 (JTAG device index = 1) is programmed with a design that has no supported debug core(s) in it.
WARNING: [Labtools 27-3361] The debug hub core was not detected.
Resolution: 
1. Make sure the clock connected to the debug hub (dbg_hub) core is a free running clock and is active.
2. Make sure the BSCAN_SWITCH_USER_MASK device property in Vivado Hardware Manager reflects the user scan chain setting in the design and refresh the device.  To determine the user scan chain setting in the design, open the implemented design and use 'get_property C_USER_SCAN_CHAIN [get_debug_cores dbg_hub]'.
For more details on setting the scan chain property, consult the Vivado Debug and Programming User Guide (UG908).
WARNING: [Labtools 27-3413] Dropping logic core with cellname:'system_i/shake_sha2_ip_v1_0_S_0/inst/u_shake_sha2_top/u_ila' at location 'uuid_763633EFDE4F56EE8468E1876479EFC6' from probes file, since it cannot be found on the programmed device.
refresh_hw_device [lindex [get_hw_devices xc7z020_1] 0]
INFO: [Labtools 27-2302] Device xc7z020 (JTAG device index = 1) is programmed with a design that has 1 ILA core(s).
display_hw_ila_data [ get_hw_ila_data hw_ila_data_1 -of_objects [get_hw_ilas -of_objects [get_hw_devices xc7z020_1] -filter {CELL_NAME=~"system_i/shake_sha2_ip_v1_0_S_0/inst/u_shake_sha2_top/u_ila"}]]
set_property TRIGGER_COMPARE_VALUE eq1'bX [get_hw_probes system_i/shake_sha2_ip_v1_0_S_0/inst/u_shake_sha2_top/dout_valid -of_objects [get_hw_ilas -of_objects [get_hw_devices xc7z020_1] -filter {CELL_NAME=~"system_i/shake_sha2_ip_v1_0_S_0/inst/u_shake_sha2_top/u_ila"}]]
set_property TRIGGER_COMPARE_VALUE eq1'bR [get_hw_probes system_i/shake_sha2_ip_v1_0_S_0/inst/u_shake_sha2_top/sha2_tvalid -of_objects [get_hw_ilas -of_objects [get_hw_devices xc7z020_1] -filter {CELL_NAME=~"system_i/shake_sha2_ip_v1_0_S_0/inst/u_shake_sha2_top/u_ila"}]]
run_hw_ila [get_hw_ilas -of_objects [get_hw_devices xc7z020_1] -filter {CELL_NAME=~"system_i/shake_sha2_ip_v1_0_S_0/inst/u_shake_sha2_top/u_ila"}]
INFO: [Labtools 27-1964] The ILA core 'hw_ila_1' trigger was armed at 2025-Oct-15 22:29:14
wait_on_hw_ila [get_hw_ilas -of_objects [get_hw_devices xc7z020_1] -filter {CELL_NAME=~"system_i/shake_sha2_ip_v1_0_S_0/inst/u_shake_sha2_top/u_ila"}]
display_hw_ila_data [upload_hw_ila_data [get_hw_ilas -of_objects [get_hw_devices xc7z020_1] -filter {CELL_NAME=~"system_i/shake_sha2_ip_v1_0_S_0/inst/u_shake_sha2_top/u_ila"}]]
INFO: [Labtools 27-1966] The ILA core 'hw_ila_1' triggered at 2025-Oct-15 22:29:28
INFO: [Labtools 27-3304] ILA Waveform data saved to file D:/Project/Vivado_prj/shake_sha2/prj/shake_sha2.hw/backup/hw_ila_data_1.ila. Use Tcl command 'read_hw_ila_data' or Vivado File->Import->Import ILA Data menu item to import the previously saved data.
run_hw_ila [get_hw_ilas -of_objects [get_hw_devices xc7z020_1] -filter {CELL_NAME=~"system_i/shake_sha2_ip_v1_0_S_0/inst/u_shake_sha2_top/u_ila"}]
INFO: [Labtools 27-1964] The ILA core 'hw_ila_1' trigger was armed at 2025-Oct-15 22:29:41
wait_on_hw_ila [get_hw_ilas -of_objects [get_hw_devices xc7z020_1] -filter {CELL_NAME=~"system_i/shake_sha2_ip_v1_0_S_0/inst/u_shake_sha2_top/u_ila"}]
display_hw_ila_data [upload_hw_ila_data [get_hw_ilas -of_objects [get_hw_devices xc7z020_1] -filter {CELL_NAME=~"system_i/shake_sha2_ip_v1_0_S_0/inst/u_shake_sha2_top/u_ila"}]]
INFO: [Labtools 27-1966] The ILA core 'hw_ila_1' triggered at 2025-Oct-15 22:29:46
INFO: [Labtools 27-3304] ILA Waveform data saved to file D:/Project/Vivado_prj/shake_sha2/prj/shake_sha2.hw/backup/hw_ila_data_1.ila. Use Tcl command 'read_hw_ila_data' or Vivado File->Import->Import ILA Data menu item to import the previously saved data.
run_hw_ila [get_hw_ilas -of_objects [get_hw_devices xc7z020_1] -filter {CELL_NAME=~"system_i/shake_sha2_ip_v1_0_S_0/inst/u_shake_sha2_top/u_ila"}]
INFO: [Labtools 27-1964] The ILA core 'hw_ila_1' trigger was armed at 2025-Oct-15 22:31:10
wait_on_hw_ila [get_hw_ilas -of_objects [get_hw_devices xc7z020_1] -filter {CELL_NAME=~"system_i/shake_sha2_ip_v1_0_S_0/inst/u_shake_sha2_top/u_ila"}]
display_hw_ila_data [upload_hw_ila_data [get_hw_ilas -of_objects [get_hw_devices xc7z020_1] -filter {CELL_NAME=~"system_i/shake_sha2_ip_v1_0_S_0/inst/u_shake_sha2_top/u_ila"}]]
INFO: [Labtools 27-1966] The ILA core 'hw_ila_1' triggered at 2025-Oct-15 22:31:50
INFO: [Labtools 27-3304] ILA Waveform data saved to file D:/Project/Vivado_prj/shake_sha2/prj/shake_sha2.hw/backup/hw_ila_data_1.ila. Use Tcl command 'read_hw_ila_data' or Vivado File->Import->Import ILA Data menu item to import the previously saved data.
run_hw_ila [get_hw_ilas -of_objects [get_hw_devices xc7z020_1] -filter {CELL_NAME=~"system_i/shake_sha2_ip_v1_0_S_0/inst/u_shake_sha2_top/u_ila"}]
INFO: [Labtools 27-1964] The ILA core 'hw_ila_1' trigger was armed at 2025-Oct-15 22:32:26
wait_on_hw_ila [get_hw_ilas -of_objects [get_hw_devices xc7z020_1] -filter {CELL_NAME=~"system_i/shake_sha2_ip_v1_0_S_0/inst/u_shake_sha2_top/u_ila"}]
display_hw_ila_data [upload_hw_ila_data [get_hw_ilas -of_objects [get_hw_devices xc7z020_1] -filter {CELL_NAME=~"system_i/shake_sha2_ip_v1_0_S_0/inst/u_shake_sha2_top/u_ila"}]]
INFO: [Labtools 27-1966] The ILA core 'hw_ila_1' triggered at 2025-Oct-15 22:32:42
INFO: [Labtools 27-3304] ILA Waveform data saved to file D:/Project/Vivado_prj/shake_sha2/prj/shake_sha2.hw/backup/hw_ila_data_1.ila. Use Tcl command 'read_hw_ila_data' or Vivado File->Import->Import ILA Data menu item to import the previously saved data.
ERROR: [Labtoolstcl 44-513] HW Target shutdown. Closing target: localhost:3121/xilinx_tcf/Digilent/210512180081
open_bd_design {D:/Project/Vivado_prj/shake_sha2/prj/shake_sha2.srcs/sources_1/bd/system/system.bd}
exit
INFO: [Common 17-206] Exiting Vivado at Thu Oct 16 00:35:54 2025...
