10:31:31 INFO  : Launching XSCT server: xsct.bat -n  -interactive D:\Project\Vivado_prj\shake_sha2\vitis\temp_xsdb_launch_script.tcl
10:31:31 INFO  : Registering command handlers for Vitis TCF services
10:31:33 INFO  : Platform repository initialization has completed.
10:31:34 INFO  : XSCT server has started successfully.
10:31:37 INFO  : plnx-install-location is set to ''
10:31:37 INFO  : Successfully done setting XSCT server connection channel  
10:31:37 INFO  : Successfully done query RDI_DATADIR 
10:31:37 INFO  : Successfully done setting workspace for the tool. 
21:41:28 INFO  : Launching XSCT server: xsct.bat -n  -interactive D:\Project\Vivado_prj\shake_sha2\vitis\temp_xsdb_launch_script.tcl
21:41:29 INFO  : Registering command handlers for Vitis TCF services
21:41:31 INFO  : XSCT server has started successfully.
21:41:32 INFO  : Successfully done setting XSCT server connection channel  
21:41:32 INFO  : Platform repository initialization has completed.
21:41:36 INFO  : plnx-install-location is set to ''
21:41:36 INFO  : Successfully done setting workspace for the tool. 
21:41:36 INFO  : Successfully done query RDI_DATADIR 
21:42:12 INFO  : Result from executing command 'getProjects': system
21:42:12 INFO  : Result from executing command 'getPlatforms': 
21:55:33 INFO  : Result from executing command 'getProjects': system
21:55:33 INFO  : Result from executing command 'getPlatforms': system|D:/Project/Vivado_prj/shake_sha2/vitis/system/export/system/system.xpfm
21:55:34 INFO  : Checking for BSP changes to sync application flags for project 'shake_sha'...
21:56:13 INFO  : Checking for BSP changes to sync application flags for project 'shake_sha'...
21:58:08 INFO  : Connected to target on host '127.0.0.1' and port '3121'.
21:58:09 INFO  : Jtag cable 'Digilent JTAG-HS1 210512180081' is selected.
21:58:09 INFO  : 'jtag frequency' command is executed.
21:58:09 INFO  : Context for 'APU' is selected.
21:58:09 INFO  : System reset is completed.
21:58:12 INFO  : 'after 3000' command is executed.
21:58:12 INFO  : 'targets -set -filter {jtag_cable_name =~ "Digilent JTAG-HS1 210512180081" && level==0 && jtag_device_ctx=="jsn-JTAG-HS1-210512180081-23727093-0"}' command is executed.
21:58:15 INFO  : Device configured successfully with "D:/Project/Vivado_prj/shake_sha2/vitis/shake_sha/_ide/bitstream/system_wrapper.bit"
21:58:15 INFO  : Context for 'APU' is selected.
21:58:15 INFO  : Hardware design and registers information is loaded from 'D:/Project/Vivado_prj/shake_sha2/vitis/system/export/system/hw/system_wrapper.xsa'.
21:58:15 INFO  : 'configparams force-mem-access 1' command is executed.
21:58:15 INFO  : Context for 'APU' is selected.
21:58:15 INFO  : Sourcing of 'D:/Project/Vivado_prj/shake_sha2/vitis/shake_sha/_ide/psinit/ps7_init.tcl' is done.
21:58:16 INFO  : 'ps7_init' command is executed.
21:58:16 INFO  : 'ps7_post_config' command is executed.
21:58:16 INFO  : Context for processor 'ps7_cortexa9_0' is selected.
21:58:16 INFO  : The application 'D:/Project/Vivado_prj/shake_sha2/vitis/shake_sha/Debug/shake_sha.elf' is downloaded to processor 'ps7_cortexa9_0'.
21:58:16 INFO  : 'configparams force-mem-access 0' command is executed.
21:58:16 INFO  : ----------------XSDB Script----------------
connect -url tcp:127.0.0.1:3121
targets -set -nocase -filter {name =~"APU*"}
rst -system
after 3000
targets -set -filter {jtag_cable_name =~ "Digilent JTAG-HS1 210512180081" && level==0 && jtag_device_ctx=="jsn-JTAG-HS1-210512180081-23727093-0"}
fpga -file D:/Project/Vivado_prj/shake_sha2/vitis/shake_sha/_ide/bitstream/system_wrapper.bit
targets -set -nocase -filter {name =~"APU*"}
loadhw -hw D:/Project/Vivado_prj/shake_sha2/vitis/system/export/system/hw/system_wrapper.xsa -mem-ranges [list {0x40000000 0xbfffffff}] -regs
configparams force-mem-access 1
targets -set -nocase -filter {name =~"APU*"}
source D:/Project/Vivado_prj/shake_sha2/vitis/shake_sha/_ide/psinit/ps7_init.tcl
ps7_init
ps7_post_config
targets -set -nocase -filter {name =~ "*A9*#0"}
dow D:/Project/Vivado_prj/shake_sha2/vitis/shake_sha/Debug/shake_sha.elf
configparams force-mem-access 0
----------------End of Script----------------

21:58:16 INFO  : Context for processor 'ps7_cortexa9_0' is selected.
21:58:16 INFO  : 'con' command is executed.
21:58:16 INFO  : ----------------XSDB Script (After Launch)----------------
targets -set -nocase -filter {name =~ "*A9*#0"}
con
----------------End of Script----------------

21:58:16 INFO  : Launch script is exported to file 'D:\Project\Vivado_prj\shake_sha2\vitis\shake_sha_system\_ide\scripts\debugger_shake_sha-default.tcl'
22:12:02 INFO  : Checking for BSP changes to sync application flags for project 'shake_sha'...
22:12:26 INFO  : Checking for BSP changes to sync application flags for project 'shake_sha'...
22:12:39 INFO  : Disconnected from the channel tcfchan#2.
22:12:40 INFO  : Connected to target on host '127.0.0.1' and port '3121'.
22:12:40 INFO  : Jtag cable 'Digilent JTAG-HS1 210512180081' is selected.
22:12:40 INFO  : 'jtag frequency' command is executed.
22:12:40 INFO  : Context for 'APU' is selected.
22:12:40 INFO  : System reset is completed.
22:12:43 INFO  : 'after 3000' command is executed.
22:12:43 INFO  : 'targets -set -filter {jtag_cable_name =~ "Digilent JTAG-HS1 210512180081" && level==0 && jtag_device_ctx=="jsn-JTAG-HS1-210512180081-23727093-0"}' command is executed.
22:12:47 INFO  : Device configured successfully with "D:/Project/Vivado_prj/shake_sha2/vitis/shake_sha/_ide/bitstream/system_wrapper.bit"
22:12:47 INFO  : Context for 'APU' is selected.
22:12:47 INFO  : Hardware design and registers information is loaded from 'D:/Project/Vivado_prj/shake_sha2/vitis/system/export/system/hw/system_wrapper.xsa'.
22:12:47 INFO  : 'configparams force-mem-access 1' command is executed.
22:12:47 INFO  : Context for 'APU' is selected.
22:12:47 INFO  : Sourcing of 'D:/Project/Vivado_prj/shake_sha2/vitis/shake_sha/_ide/psinit/ps7_init.tcl' is done.
22:12:47 INFO  : 'ps7_init' command is executed.
22:12:47 INFO  : 'ps7_post_config' command is executed.
22:12:47 INFO  : Context for processor 'ps7_cortexa9_0' is selected.
22:12:47 INFO  : The application 'D:/Project/Vivado_prj/shake_sha2/vitis/shake_sha/Debug/shake_sha.elf' is downloaded to processor 'ps7_cortexa9_0'.
22:12:47 INFO  : 'configparams force-mem-access 0' command is executed.
22:12:47 INFO  : ----------------XSDB Script----------------
connect -url tcp:127.0.0.1:3121
targets -set -nocase -filter {name =~"APU*"}
rst -system
after 3000
targets -set -filter {jtag_cable_name =~ "Digilent JTAG-HS1 210512180081" && level==0 && jtag_device_ctx=="jsn-JTAG-HS1-210512180081-23727093-0"}
fpga -file D:/Project/Vivado_prj/shake_sha2/vitis/shake_sha/_ide/bitstream/system_wrapper.bit
targets -set -nocase -filter {name =~"APU*"}
loadhw -hw D:/Project/Vivado_prj/shake_sha2/vitis/system/export/system/hw/system_wrapper.xsa -mem-ranges [list {0x40000000 0xbfffffff}] -regs
configparams force-mem-access 1
targets -set -nocase -filter {name =~"APU*"}
source D:/Project/Vivado_prj/shake_sha2/vitis/shake_sha/_ide/psinit/ps7_init.tcl
ps7_init
ps7_post_config
targets -set -nocase -filter {name =~ "*A9*#0"}
dow D:/Project/Vivado_prj/shake_sha2/vitis/shake_sha/Debug/shake_sha.elf
configparams force-mem-access 0
----------------End of Script----------------

22:12:47 INFO  : Context for processor 'ps7_cortexa9_0' is selected.
22:12:47 INFO  : 'con' command is executed.
22:12:47 INFO  : ----------------XSDB Script (After Launch)----------------
targets -set -nocase -filter {name =~ "*A9*#0"}
con
----------------End of Script----------------

22:12:47 INFO  : Launch script is exported to file 'D:\Project\Vivado_prj\shake_sha2\vitis\shake_sha_system\_ide\scripts\debugger_shake_sha-default.tcl'
22:22:28 INFO  : Disconnected from the channel tcfchan#3.
22:22:29 INFO  : Connected to target on host '127.0.0.1' and port '3121'.
22:22:29 INFO  : Jtag cable 'Digilent JTAG-HS1 210512180081' is selected.
22:22:29 INFO  : 'jtag frequency' command is executed.
22:22:29 INFO  : Context for 'APU' is selected.
22:22:29 INFO  : System reset is completed.
22:22:32 INFO  : 'after 3000' command is executed.
22:22:32 INFO  : 'targets -set -filter {jtag_cable_name =~ "Digilent JTAG-HS1 210512180081" && level==0 && jtag_device_ctx=="jsn-JTAG-HS1-210512180081-23727093-0"}' command is executed.
22:22:35 INFO  : Device configured successfully with "D:/Project/Vivado_prj/shake_sha2/vitis/shake_sha/_ide/bitstream/system_wrapper.bit"
22:22:35 INFO  : Context for 'APU' is selected.
22:22:35 INFO  : Hardware design and registers information is loaded from 'D:/Project/Vivado_prj/shake_sha2/vitis/system/export/system/hw/system_wrapper.xsa'.
22:22:35 INFO  : 'configparams force-mem-access 1' command is executed.
22:22:35 INFO  : Context for 'APU' is selected.
22:22:35 INFO  : Sourcing of 'D:/Project/Vivado_prj/shake_sha2/vitis/shake_sha/_ide/psinit/ps7_init.tcl' is done.
22:22:36 INFO  : 'ps7_init' command is executed.
22:22:36 INFO  : 'ps7_post_config' command is executed.
22:22:36 INFO  : Context for processor 'ps7_cortexa9_0' is selected.
22:22:36 INFO  : The application 'D:/Project/Vivado_prj/shake_sha2/vitis/shake_sha/Debug/shake_sha.elf' is downloaded to processor 'ps7_cortexa9_0'.
22:22:36 INFO  : 'configparams force-mem-access 0' command is executed.
22:22:36 INFO  : ----------------XSDB Script----------------
connect -url tcp:127.0.0.1:3121
targets -set -nocase -filter {name =~"APU*"}
rst -system
after 3000
targets -set -filter {jtag_cable_name =~ "Digilent JTAG-HS1 210512180081" && level==0 && jtag_device_ctx=="jsn-JTAG-HS1-210512180081-23727093-0"}
fpga -file D:/Project/Vivado_prj/shake_sha2/vitis/shake_sha/_ide/bitstream/system_wrapper.bit
targets -set -nocase -filter {name =~"APU*"}
loadhw -hw D:/Project/Vivado_prj/shake_sha2/vitis/system/export/system/hw/system_wrapper.xsa -mem-ranges [list {0x40000000 0xbfffffff}] -regs
configparams force-mem-access 1
targets -set -nocase -filter {name =~"APU*"}
source D:/Project/Vivado_prj/shake_sha2/vitis/shake_sha/_ide/psinit/ps7_init.tcl
ps7_init
ps7_post_config
targets -set -nocase -filter {name =~ "*A9*#0"}
dow D:/Project/Vivado_prj/shake_sha2/vitis/shake_sha/Debug/shake_sha.elf
configparams force-mem-access 0
----------------End of Script----------------

22:22:36 INFO  : Context for processor 'ps7_cortexa9_0' is selected.
22:22:36 INFO  : 'con' command is executed.
22:22:36 INFO  : ----------------XSDB Script (After Launch)----------------
targets -set -nocase -filter {name =~ "*A9*#0"}
con
----------------End of Script----------------

22:22:36 INFO  : Launch script is exported to file 'D:\Project\Vivado_prj\shake_sha2\vitis\shake_sha_system\_ide\scripts\debugger_shake_sha-default.tcl'
22:28:31 INFO  : Disconnected from the channel tcfchan#4.
22:28:32 INFO  : Connected to target on host '127.0.0.1' and port '3121'.
22:28:32 INFO  : Jtag cable 'Digilent JTAG-HS1 210512180081' is selected.
22:28:32 INFO  : 'jtag frequency' command is executed.
22:28:32 INFO  : Context for 'APU' is selected.
22:28:32 INFO  : System reset is completed.
22:28:35 INFO  : 'after 3000' command is executed.
22:28:35 INFO  : 'targets -set -filter {jtag_cable_name =~ "Digilent JTAG-HS1 210512180081" && level==0 && jtag_device_ctx=="jsn-JTAG-HS1-210512180081-23727093-0"}' command is executed.
22:28:38 INFO  : Device configured successfully with "D:/Project/Vivado_prj/shake_sha2/vitis/shake_sha/_ide/bitstream/system_wrapper.bit"
22:28:38 INFO  : Context for 'APU' is selected.
22:28:39 INFO  : Hardware design and registers information is loaded from 'D:/Project/Vivado_prj/shake_sha2/vitis/system/export/system/hw/system_wrapper.xsa'.
22:28:39 INFO  : 'configparams force-mem-access 1' command is executed.
22:28:39 INFO  : Context for 'APU' is selected.
22:28:39 INFO  : Sourcing of 'D:/Project/Vivado_prj/shake_sha2/vitis/shake_sha/_ide/psinit/ps7_init.tcl' is done.
22:28:39 INFO  : 'ps7_init' command is executed.
22:28:39 INFO  : 'ps7_post_config' command is executed.
22:28:39 INFO  : Context for processor 'ps7_cortexa9_0' is selected.
22:28:39 INFO  : The application 'D:/Project/Vivado_prj/shake_sha2/vitis/shake_sha/Debug/shake_sha.elf' is downloaded to processor 'ps7_cortexa9_0'.
22:28:39 INFO  : 'configparams force-mem-access 0' command is executed.
22:28:39 INFO  : ----------------XSDB Script----------------
connect -url tcp:127.0.0.1:3121
targets -set -nocase -filter {name =~"APU*"}
rst -system
after 3000
targets -set -filter {jtag_cable_name =~ "Digilent JTAG-HS1 210512180081" && level==0 && jtag_device_ctx=="jsn-JTAG-HS1-210512180081-23727093-0"}
fpga -file D:/Project/Vivado_prj/shake_sha2/vitis/shake_sha/_ide/bitstream/system_wrapper.bit
targets -set -nocase -filter {name =~"APU*"}
loadhw -hw D:/Project/Vivado_prj/shake_sha2/vitis/system/export/system/hw/system_wrapper.xsa -mem-ranges [list {0x40000000 0xbfffffff}] -regs
configparams force-mem-access 1
targets -set -nocase -filter {name =~"APU*"}
source D:/Project/Vivado_prj/shake_sha2/vitis/shake_sha/_ide/psinit/ps7_init.tcl
ps7_init
ps7_post_config
targets -set -nocase -filter {name =~ "*A9*#0"}
dow D:/Project/Vivado_prj/shake_sha2/vitis/shake_sha/Debug/shake_sha.elf
configparams force-mem-access 0
----------------End of Script----------------

22:28:39 INFO  : Context for processor 'ps7_cortexa9_0' is selected.
22:28:39 INFO  : 'con' command is executed.
22:28:39 INFO  : ----------------XSDB Script (After Launch)----------------
targets -set -nocase -filter {name =~ "*A9*#0"}
con
----------------End of Script----------------

22:28:39 INFO  : Launch script is exported to file 'D:\Project\Vivado_prj\shake_sha2\vitis\shake_sha_system\_ide\scripts\debugger_shake_sha-default.tcl'
22:30:49 INFO  : Disconnected from the channel tcfchan#5.
22:30:50 INFO  : Connected to target on host '127.0.0.1' and port '3121'.
22:30:50 INFO  : Jtag cable 'Digilent JTAG-HS1 210512180081' is selected.
22:30:50 INFO  : 'jtag frequency' command is executed.
22:30:50 INFO  : Context for 'APU' is selected.
22:30:51 INFO  : System reset is completed.
22:30:54 INFO  : 'after 3000' command is executed.
22:30:54 INFO  : 'targets -set -filter {jtag_cable_name =~ "Digilent JTAG-HS1 210512180081" && level==0 && jtag_device_ctx=="jsn-JTAG-HS1-210512180081-23727093-0"}' command is executed.
22:30:57 INFO  : Device configured successfully with "D:/Project/Vivado_prj/shake_sha2/vitis/shake_sha/_ide/bitstream/system_wrapper.bit"
22:30:57 INFO  : Context for 'APU' is selected.
22:30:57 INFO  : Hardware design and registers information is loaded from 'D:/Project/Vivado_prj/shake_sha2/vitis/system/export/system/hw/system_wrapper.xsa'.
22:30:57 INFO  : 'configparams force-mem-access 1' command is executed.
22:30:57 INFO  : Context for 'APU' is selected.
22:30:57 INFO  : Sourcing of 'D:/Project/Vivado_prj/shake_sha2/vitis/shake_sha/_ide/psinit/ps7_init.tcl' is done.
22:30:57 INFO  : 'ps7_init' command is executed.
22:30:57 INFO  : 'ps7_post_config' command is executed.
22:30:57 INFO  : Context for processor 'ps7_cortexa9_0' is selected.
22:30:57 INFO  : The application 'D:/Project/Vivado_prj/shake_sha2/vitis/shake_sha/Debug/shake_sha.elf' is downloaded to processor 'ps7_cortexa9_0'.
22:30:57 INFO  : 'configparams force-mem-access 0' command is executed.
22:30:57 INFO  : ----------------XSDB Script----------------
connect -url tcp:127.0.0.1:3121
targets -set -nocase -filter {name =~"APU*"}
rst -system
after 3000
targets -set -filter {jtag_cable_name =~ "Digilent JTAG-HS1 210512180081" && level==0 && jtag_device_ctx=="jsn-JTAG-HS1-210512180081-23727093-0"}
fpga -file D:/Project/Vivado_prj/shake_sha2/vitis/shake_sha/_ide/bitstream/system_wrapper.bit
targets -set -nocase -filter {name =~"APU*"}
loadhw -hw D:/Project/Vivado_prj/shake_sha2/vitis/system/export/system/hw/system_wrapper.xsa -mem-ranges [list {0x40000000 0xbfffffff}] -regs
configparams force-mem-access 1
targets -set -nocase -filter {name =~"APU*"}
source D:/Project/Vivado_prj/shake_sha2/vitis/shake_sha/_ide/psinit/ps7_init.tcl
ps7_init
ps7_post_config
targets -set -nocase -filter {name =~ "*A9*#0"}
dow D:/Project/Vivado_prj/shake_sha2/vitis/shake_sha/Debug/shake_sha.elf
configparams force-mem-access 0
----------------End of Script----------------

22:30:57 INFO  : Context for processor 'ps7_cortexa9_0' is selected.
22:30:57 INFO  : 'con' command is executed.
22:30:57 INFO  : ----------------XSDB Script (After Launch)----------------
targets -set -nocase -filter {name =~ "*A9*#0"}
con
----------------End of Script----------------

22:30:57 INFO  : Launch script is exported to file 'D:\Project\Vivado_prj\shake_sha2\vitis\shake_sha_system\_ide\scripts\debugger_shake_sha-default.tcl'
00:36:02 INFO  : Disconnected from the channel tcfchan#6.
14:13:05 INFO  : Launching XSCT server: xsct.bat -n  -interactive D:\Project\Vivado_prj\shake_sha2\vitis\temp_xsdb_launch_script.tcl
14:13:08 INFO  : XSCT server has started successfully.
14:13:08 INFO  : plnx-install-location is set to ''
14:13:08 INFO  : Successfully done setting XSCT server connection channel  
14:13:08 INFO  : Successfully done setting workspace for the tool. 
14:13:13 INFO  : Platform repository initialization has completed.
14:13:13 INFO  : Registering command handlers for Vitis TCF services
14:13:17 INFO  : Successfully done query RDI_DATADIR 
14:28:00 INFO  : Checking for BSP changes to sync application flags for project 'shake_sha'...
14:31:06 INFO  : Checking for BSP changes to sync application flags for project 'shake_sha'...
14:31:35 INFO  : Checking for BSP changes to sync application flags for project 'shake_sha'...
14:32:16 INFO  : Launching the emulator on project 'shake_sha' for configuration 'Debug'
14:32:16 INFO  : Launching QEMU with command 'launch_emulator.bat -device-family 7series -pid-file emulation.pid -t sw_emu -gdb-port 1137'
14:32:20 INFO  : Stopping the emulator on project 'shake_sha' for configuration 'Debug'
14:32:35 ERROR : Pid file required for stopping the emulator is not created at 'D:\Project\Vivado_prj\shake_sha2\vitis\shake_sha\Debug\emulation.pid'.
14:32:35 ERROR : Failed to stop the emulator.
14:32:41 INFO  : Emulator has terminated.
14:32:41 INFO  : The emulator is not running, terminating debug launch configuration
14:33:54 INFO  : Launching the emulator on project 'shake_sha' for configuration 'Debug'
14:33:54 INFO  : Launching QEMU with command 'launch_emulator.bat -device-family 7series -pid-file emulation.pid -t sw_emu -gdb-port 1137'
14:34:00 INFO  : Emulator has started.
14:34:01 INFO  : XRT server required for baremetal application debugging on QEMU has started successfully on port '4355'.
14:34:01 INFO  : 'connect -url tcp:localhost:4355' command is executed.
14:34:01 INFO  : 'gdbremote connect localhost:1137' command is executed.
14:34:02 INFO  : Connected to target on host 'localhost' and port '4355'.
14:34:02 INFO  : Context for processor 'ps7_cortexa9_0' is selected.
14:34:02 INFO  : The application 'D:/Project/Vivado_prj/shake_sha2/vitis/shake_sha/Debug/shake_sha.elf' is downloaded to processor 'ps7_cortexa9_0'.
14:34:02 INFO  : ----------------XSDB Script----------------
connect -url tcp:localhost:4355
targets 3
dow D:/Project/Vivado_prj/shake_sha2/vitis/shake_sha/Debug/shake_sha.elf
----------------End of Script----------------

14:34:02 INFO  : Context for processor 'ps7_cortexa9_0' is selected.
14:34:02 INFO  : 'con' command is executed.
14:34:02 INFO  : ----------------XSDB Script (After Launch)----------------
targets 3
con
----------------End of Script----------------

14:34:02 INFO  : Launch script is exported to file 'D:\Project\Vivado_prj\shake_sha2\vitis\shake_sha_system\_ide\scripts\debugger_shake_sha-emulation.tcl'
14:34:33 INFO  : Disconnected from the channel tcfchan#1.
14:34:39 INFO  : Stopping the emulator on project 'shake_sha' for configuration 'Debug'
14:34:54 ERROR : Pid file required for stopping the emulator is not created at 'D:\Project\Vivado_prj\shake_sha2\vitis\shake_sha\Debug\emulation.pid'.
14:34:54 INFO  : Terminating XRT server used for debugging baremetal applications on QEMU.
14:34:54 ERROR : Failed to stop the emulator.
14:35:00 INFO  : Emulator has terminated.
14:35:00 INFO  : Launching the emulator on project 'shake_sha' for configuration 'Debug'
14:35:00 INFO  : Launching QEMU with command 'launch_emulator.bat -device-family 7series -pid-file emulation.pid -t sw_emu -gdb-port 1137'
14:35:06 INFO  : Emulator has started.
14:35:07 INFO  : XRT server required for baremetal application debugging on QEMU has started successfully on port '4352'.
14:35:07 INFO  : 'connect -url tcp:localhost:4352' command is executed.
14:35:07 INFO  : 'gdbremote connect localhost:1137' command is executed.
14:35:07 INFO  : Connected to target on host 'localhost' and port '4352'.
14:35:07 INFO  : Context for processor 'ps7_cortexa9_0' is selected.
14:35:07 INFO  : The application 'D:/Project/Vivado_prj/shake_sha2/vitis/shake_sha/Debug/shake_sha.elf' is downloaded to processor 'ps7_cortexa9_0'.
14:35:07 INFO  : ----------------XSDB Script----------------
connect -url tcp:localhost:4352
targets 3
dow D:/Project/Vivado_prj/shake_sha2/vitis/shake_sha/Debug/shake_sha.elf
----------------End of Script----------------

14:35:07 INFO  : Context for processor 'ps7_cortexa9_0' is selected.
14:35:07 INFO  : 'con' command is executed.
14:35:07 INFO  : ----------------XSDB Script (After Launch)----------------
targets 3
con
----------------End of Script----------------

14:35:07 INFO  : Launch script is exported to file 'D:\Project\Vivado_prj\shake_sha2\vitis\shake_sha_system\_ide\scripts\debugger_shake_sha-emulation.tcl'
14:35:39 INFO  : Connected to target on host '127.0.0.1' and port '3121'.
14:35:40 INFO  : Jtag cable 'Digilent JTAG-HS1 210512180081' is selected.
14:35:40 INFO  : 'jtag frequency' command is executed.
14:35:40 INFO  : Context for 'APU' is selected.
14:35:40 INFO  : System reset is completed.
14:35:43 INFO  : 'after 3000' command is executed.
14:35:43 INFO  : 'targets -set -filter {jtag_cable_name =~ "Digilent JTAG-HS1 210512180081" && level==0 && jtag_device_ctx=="jsn-JTAG-HS1-210512180081-23727093-0"}' command is executed.
14:35:47 INFO  : Device configured successfully with "D:/Project/Vivado_prj/shake_sha2/vitis/shake_sha/_ide/bitstream/system_wrapper.bit"
14:35:47 INFO  : Context for 'APU' is selected.
14:35:47 INFO  : Hardware design and registers information is loaded from 'D:/Project/Vivado_prj/shake_sha2/vitis/system/export/system/hw/system_wrapper.xsa'.
14:35:47 INFO  : 'configparams force-mem-access 1' command is executed.
14:35:47 INFO  : Context for 'APU' is selected.
14:35:47 INFO  : Sourcing of 'D:/Project/Vivado_prj/shake_sha2/vitis/shake_sha/_ide/psinit/ps7_init.tcl' is done.
14:35:47 INFO  : 'ps7_init' command is executed.
14:35:47 INFO  : 'ps7_post_config' command is executed.
14:35:47 INFO  : Context for processor 'ps7_cortexa9_0' is selected.
14:35:47 INFO  : The application 'D:/Project/Vivado_prj/shake_sha2/vitis/shake_sha/Debug/shake_sha.elf' is downloaded to processor 'ps7_cortexa9_0'.
14:35:47 INFO  : 'configparams force-mem-access 0' command is executed.
14:35:47 INFO  : ----------------XSDB Script----------------
connect -url tcp:127.0.0.1:3121
targets -set -nocase -filter {name =~"APU*"}
rst -system
after 3000
targets -set -filter {jtag_cable_name =~ "Digilent JTAG-HS1 210512180081" && level==0 && jtag_device_ctx=="jsn-JTAG-HS1-210512180081-23727093-0"}
fpga -file D:/Project/Vivado_prj/shake_sha2/vitis/shake_sha/_ide/bitstream/system_wrapper.bit
targets -set -nocase -filter {name =~"APU*"}
loadhw -hw D:/Project/Vivado_prj/shake_sha2/vitis/system/export/system/hw/system_wrapper.xsa -mem-ranges [list {0x40000000 0xbfffffff}] -regs
configparams force-mem-access 1
targets -set -nocase -filter {name =~"APU*"}
source D:/Project/Vivado_prj/shake_sha2/vitis/shake_sha/_ide/psinit/ps7_init.tcl
ps7_init
ps7_post_config
targets -set -nocase -filter {name =~ "*A9*#0"}
dow D:/Project/Vivado_prj/shake_sha2/vitis/shake_sha/Debug/shake_sha.elf
configparams force-mem-access 0
----------------End of Script----------------

14:35:47 INFO  : Context for processor 'ps7_cortexa9_0' is selected.
14:35:47 INFO  : 'con' command is executed.
14:35:47 INFO  : ----------------XSDB Script (After Launch)----------------
targets -set -nocase -filter {name =~ "*A9*#0"}
con
----------------End of Script----------------

14:35:47 INFO  : Launch script is exported to file 'D:\Project\Vivado_prj\shake_sha2\vitis\shake_sha_system\_ide\scripts\debugger_shake_sha-default.tcl'
19:42:54 INFO  : Disconnected from the channel tcfchan#2.
19:42:54 INFO  : Disconnected from the channel tcfchan#3.
19:42:54 INFO  : Terminating XRT server used for debugging baremetal applications on QEMU.
19:42:54 INFO  : Stopping the emulator on project 'shake_sha' for configuration 'Debug'
19:43:10 ERROR : Pid file required for stopping the emulator is not created at 'D:\Project\Vivado_prj\shake_sha2\vitis\shake_sha\Debug\emulation.pid'.
19:43:10 ERROR : Failed to stop the emulator.
19:43:15 INFO  : Emulator has terminated.
